{"meta": {"format": 3, "version": "7.13.3", "timestamp": "2026-02-04T23:16:16.031156", "branch_coverage": false, "show_contexts": false}, "files": {"src/__init__.py": {"executed_lines": [], "summary": {"covered_lines": 0, "num_statements": 0, "percent_covered": 100.0, "percent_covered_display": "100.00", "missing_lines": 0, "excluded_lines": 0, "percent_statements_covered": 100.0, "percent_statements_covered_display": "100.00"}, "missing_lines": [], "excluded_lines": [], "functions": {"": {"executed_lines": [], "summary": {"covered_lines": 0, "num_statements": 0, "percent_covered": 100.0, "percent_covered_display": "100.00", "missing_lines": 0, "excluded_lines": 0, "percent_statements_covered": 100.0, "percent_statements_covered_display": "100.00"}, "missing_lines": [], "excluded_lines": [], "start_line": 1}}, "classes": {"": {"executed_lines": [], "summary": {"covered_lines": 0, "num_statements": 0, "percent_covered": 100.0, "percent_covered_display": "100.00", "missing_lines": 0, "excluded_lines": 0, "percent_statements_covered": 100.0, "percent_statements_covered_display": "100.00"}, "missing_lines": [], "excluded_lines": [], "start_line": 1}}}, "src/agwpe_bridge.py": {"executed_lines": [], "summary": {"covered_lines": 0, "num_statements": 534, "percent_covered": 0.0, "percent_covered_display": "0.00", "missing_lines": 534, "excluded_lines": 0, "percent_statements_covered": 0.0, "percent_statements_covered_display": "0.00"}, "missing_lines": [13, 14, 15, 16, 17, 19, 20, 22, 25, 26, 29, 32, 33, 34, 35, 36, 37, 38, 40, 43, 46, 47, 48, 49, 52, 53, 54, 55, 58, 59, 62, 63, 66, 67, 70, 72, 74, 75, 77, 78, 80, 81, 82, 83, 86, 87, 88, 89, 90, 92, 93, 94, 95, 96, 99, 101, 104, 107, 113, 114, 115, 116, 119, 120, 121, 125, 127, 129, 130, 131, 132, 133, 137, 138, 140, 142, 143, 144, 145, 146, 149, 152, 155, 156, 157, 160, 161, 162, 166, 167, 168, 170, 172, 175, 177, 180, 181, 183, 187, 188, 189, 191, 192, 194, 195, 197, 198, 199, 202, 203, 204, 207, 208, 211, 213, 214, 215, 216, 219, 220, 221, 224, 225, 226, 227, 228, 232, 233, 234, 235, 236, 237, 238, 239, 240, 242, 244, 246, 252, 253, 256, 257, 260, 261, 264, 265, 266, 271, 272, 273, 278, 279, 283, 284, 289, 290, 291, 292, 297, 298, 301, 302, 305, 306, 309, 312, 313, 317, 322, 323, 324, 325, 326, 327, 328, 331, 332, 335, 336, 339, 340, 343, 344, 347, 348, 351, 355, 357, 358, 359, 360, 362, 365, 366, 367, 368, 370, 371, 372, 373, 375, 378, 390, 391, 392, 393, 394, 396, 400, 403, 406, 407, 408, 409, 410, 411, 413, 417, 418, 423, 424, 426, 430, 433, 434, 435, 438, 440, 441, 444, 445, 446, 447, 449, 450, 452, 454, 458, 459, 464, 465, 467, 469, 471, 472, 473, 476, 477, 479, 487, 488, 489, 492, 493, 497, 498, 499, 500, 501, 502, 503, 506, 510, 513, 516, 517, 522, 526, 528, 529, 530, 532, 538, 539, 540, 541, 544, 545, 549, 554, 555, 556, 557, 558, 559, 561, 562, 564, 565, 569, 573, 576, 582, 583, 584, 585, 587, 588, 591, 594, 595, 596, 598, 602, 608, 609, 610, 611, 613, 614, 616, 622, 623, 625, 626, 628, 629, 634, 635, 636, 637, 638, 639, 640, 641, 642, 644, 648, 649, 650, 651, 652, 656, 657, 658, 659, 661, 662, 663, 668, 671, 673, 674, 677, 680, 684, 691, 692, 696, 698, 699, 701, 702, 704, 706, 707, 708, 709, 710, 713, 714, 715, 716, 718, 722, 725, 728, 729, 730, 731, 733, 736, 737, 738, 739, 740, 741, 743, 744, 746, 748, 749, 750, 751, 758, 759, 760, 761, 762, 764, 765, 769, 774, 775, 776, 777, 778, 779, 780, 783, 784, 785, 788, 791, 792, 794, 795, 798, 799, 802, 803, 804, 809, 810, 811, 812, 813, 814, 815, 817, 818, 823, 824, 826, 830, 831, 834, 835, 837, 839, 840, 843, 844, 847, 850, 851, 853, 856, 859, 861, 862, 865, 866, 867, 869, 871, 872, 873, 874, 876, 877, 878, 879, 882, 889, 890, 891, 893, 894, 896, 899, 900, 901, 902, 906, 909, 910, 912, 913, 916, 917, 919, 922, 923, 924, 925, 926, 927, 928, 929, 930, 931, 932, 933, 934, 939, 940, 941, 942, 943, 944, 945, 946, 947, 951, 952, 954, 955, 957, 964, 966, 971, 974, 977, 978, 979, 980, 982, 983, 984, 985, 986, 988, 991, 992, 993, 994, 995, 1000, 1001, 1002, 1003, 1004, 1007, 1008, 1009, 1010, 1011, 1012, 1015, 1016, 1017, 1018, 1021], "excluded_lines": [], "functions": {"AGWPEFrame.__init__": {"executed_lines": [], "summary": {"covered_lines": 0, "num_statements": 6, "percent_covered": 0.0, "percent_covered_display": "0.00", "missing_lines": 6, "excluded_lines": 0, "percent_statements_covered": 0.0, "percent_statements_covered_display": "0.00"}, "missing_lines": [33, 34, 35, 36, 37, 38], "excluded_lines": [], "start_line": 32}, "AGWPEFrame.pack": {"executed_lines": [], "summary": {"covered_lines": 0, "num_statements": 17, "percent_covered": 0.0, "percent_covered_display": "0.00", "missing_lines": 17, "excluded_lines": 0, "percent_statements_covered": 0.0, "percent_statements_covered_display": "0.00"}, "missing_lines": [43, 46, 47, 48, 49, 52, 53, 54, 55, 58, 59, 62, 63, 66, 67, 70, 72], "excluded_lines": [], "start_line": 40}, "AGWPEFrame.unpack": {"executed_lines": [], "summary": {"covered_lines": 0, "num_statements": 18, "percent_covered": 0.0, "percent_covered_display": "0.00", "missing_lines": 18, "excluded_lines": 0, "percent_statements_covered": 0.0, "percent_statements_covered_display": "0.00"}, "missing_lines": [77, 78, 80, 81, 82, 83, 86, 87, 88, 89, 90, 92, 93, 94, 95, 96, 99, 101], "excluded_lines": [], "start_line": 75}, "AGWPEClient.__init__": {"executed_lines": [], "summary": {"covered_lines": 0, "num_statements": 8, "percent_covered": 0.0, "percent_covered_display": "0.00", "missing_lines": 8, "excluded_lines": 0, "percent_statements_covered": 0.0, "percent_statements_covered_display": "0.00"}, "missing_lines": [113, 114, 115, 116, 119, 120, 121, 125], "excluded_lines": [], "start_line": 107}, "AGWPEClient.send_frame": {"executed_lines": [], "summary": {"covered_lines": 0, "num_statements": 7, "percent_covered": 0.0, "percent_covered_display": "0.00", "missing_lines": 7, "excluded_lines": 0, "percent_statements_covered": 0.0, "percent_statements_covered_display": "0.00"}, "missing_lines": [129, 130, 131, 132, 133, 137, 138], "excluded_lines": [], "start_line": 127}, "AGWPEClient.close": {"executed_lines": [], "summary": {"covered_lines": 0, "num_statements": 5, "percent_covered": 0.0, "percent_covered_display": "0.00", "missing_lines": 5, "excluded_lines": 0, "percent_statements_covered": 0.0, "percent_statements_covered_display": "0.00"}, "missing_lines": [142, 143, 144, 145, 146], "excluded_lines": [], "start_line": 140}, "AGWPEBridge.__init__": {"executed_lines": [], "summary": {"covered_lines": 0, "num_statements": 15, "percent_covered": 0.0, "percent_covered_display": "0.00", "missing_lines": 15, "excluded_lines": 0, "percent_statements_covered": 0.0, "percent_statements_covered_display": "0.00"}, "missing_lines": [155, 156, 157, 160, 161, 162, 166, 167, 168, 170, 172, 175, 177, 180, 181], "excluded_lines": [], "start_line": 152}, "AGWPEBridge.handle_client": {"executed_lines": [], "summary": {"covered_lines": 0, "num_statements": 37, "percent_covered": 0.0, "percent_covered_display": "0.00", "missing_lines": 37, "excluded_lines": 0, "percent_statements_covered": 0.0, "percent_statements_covered_display": "0.00"}, "missing_lines": [187, 188, 189, 191, 192, 194, 195, 197, 198, 199, 202, 203, 204, 207, 208, 211, 213, 214, 215, 216, 219, 220, 221, 224, 225, 226, 227, 228, 232, 233, 234, 235, 236, 237, 238, 239, 240], "excluded_lines": [], "start_line": 183}, "AGWPEBridge._process_frame": {"executed_lines": [], "summary": {"covered_lines": 0, "num_statements": 50, "percent_covered": 0.0, "percent_covered_display": "0.00", "missing_lines": 50, "excluded_lines": 0, "percent_statements_covered": 0.0, "percent_statements_covered_display": "0.00"}, "missing_lines": [244, 246, 252, 253, 256, 257, 260, 261, 264, 265, 266, 271, 272, 273, 278, 279, 283, 284, 289, 290, 291, 292, 297, 298, 301, 302, 305, 306, 309, 312, 313, 317, 322, 323, 324, 325, 326, 327, 328, 331, 332, 335, 336, 339, 340, 343, 344, 347, 348, 351], "excluded_lines": [], "start_line": 242}, "AGWPEBridge._send_version": {"executed_lines": [], "summary": {"covered_lines": 0, "num_statements": 4, "percent_covered": 0.0, "percent_covered_display": "0.00", "missing_lines": 4, "excluded_lines": 0, "percent_statements_covered": 0.0, "percent_statements_covered_display": "0.00"}, "missing_lines": [357, 358, 359, 360], "excluded_lines": [], "start_line": 355}, "AGWPEBridge._send_port_info": {"executed_lines": [], "summary": {"covered_lines": 0, "num_statements": 8, "percent_covered": 0.0, "percent_covered_display": "0.00", "missing_lines": 8, "excluded_lines": 0, "percent_statements_covered": 0.0, "percent_statements_covered_display": "0.00"}, "missing_lines": [365, 366, 367, 368, 370, 371, 372, 373], "excluded_lines": [], "start_line": 362}, "AGWPEBridge._send_port_capabilities": {"executed_lines": [], "summary": {"covered_lines": 0, "num_statements": 6, "percent_covered": 0.0, "percent_covered_display": "0.00", "missing_lines": 6, "excluded_lines": 0, "percent_statements_covered": 0.0, "percent_statements_covered_display": "0.00"}, "missing_lines": [378, 390, 391, 392, 393, 394], "excluded_lines": [], "start_line": 375}, "AGWPEBridge._handle_send_unproto": {"executed_lines": [], "summary": {"covered_lines": 0, "num_statements": 13, "percent_covered": 0.0, "percent_covered_display": "0.00", "missing_lines": 13, "excluded_lines": 0, "percent_statements_covered": 0.0, "percent_statements_covered_display": "0.00"}, "missing_lines": [400, 403, 406, 407, 408, 409, 410, 411, 413, 417, 418, 423, 424], "excluded_lines": [], "start_line": 396}, "AGWPEBridge._handle_send_unproto_via": {"executed_lines": [], "summary": {"covered_lines": 0, "num_statements": 19, "percent_covered": 0.0, "percent_covered_display": "0.00", "missing_lines": 19, "excluded_lines": 0, "percent_statements_covered": 0.0, "percent_statements_covered_display": "0.00"}, "missing_lines": [430, 433, 434, 435, 438, 440, 441, 444, 445, 446, 447, 449, 450, 452, 454, 458, 459, 464, 465], "excluded_lines": [], "start_line": 426}, "AGWPEBridge._handle_send_raw": {"executed_lines": [], "summary": {"covered_lines": 0, "num_statements": 6, "percent_covered": 0.0, "percent_covered_display": "0.00", "missing_lines": 6, "excluded_lines": 0, "percent_statements_covered": 0.0, "percent_statements_covered_display": "0.00"}, "missing_lines": [469, 471, 472, 473, 476, 477], "excluded_lines": [], "start_line": 467}, "AGWPEBridge._handle_connect": {"executed_lines": [], "summary": {"covered_lines": 0, "num_statements": 40, "percent_covered": 0.0, "percent_covered_display": "0.00", "missing_lines": 40, "excluded_lines": 0, "percent_statements_covered": 0.0, "percent_statements_covered_display": "0.00"}, "missing_lines": [487, 488, 489, 492, 493, 497, 498, 499, 500, 501, 502, 503, 506, 510, 513, 516, 517, 522, 526, 528, 529, 530, 532, 538, 539, 540, 541, 544, 545, 549, 554, 555, 556, 557, 558, 559, 561, 562, 564, 565], "excluded_lines": [], "start_line": 479}, "AGWPEBridge._handle_connect_via": {"executed_lines": [], "summary": {"covered_lines": 0, "num_statements": 36, "percent_covered": 0.0, "percent_covered_display": "0.00", "missing_lines": 36, "excluded_lines": 0, "percent_statements_covered": 0.0, "percent_statements_covered_display": "0.00"}, "missing_lines": [573, 576, 582, 583, 584, 585, 587, 588, 591, 594, 595, 596, 598, 602, 608, 609, 610, 611, 613, 614, 616, 622, 623, 625, 626, 628, 629, 634, 635, 636, 637, 638, 639, 640, 641, 642], "excluded_lines": [], "start_line": 569}, "AGWPEBridge._handle_send_connected_data": {"executed_lines": [], "summary": {"covered_lines": 0, "num_statements": 26, "percent_covered": 0.0, "percent_covered_display": "0.00", "missing_lines": 26, "excluded_lines": 0, "percent_statements_covered": 0.0, "percent_statements_covered_display": "0.00"}, "missing_lines": [648, 649, 650, 651, 652, 656, 657, 658, 659, 661, 662, 663, 668, 671, 673, 674, 677, 680, 684, 691, 692, 696, 698, 699, 701, 702], "excluded_lines": [], "start_line": 644}, "AGWPEBridge._handle_disconnect": {"executed_lines": [], "summary": {"covered_lines": 0, "num_statements": 25, "percent_covered": 0.0, "percent_covered_display": "0.00", "missing_lines": 25, "excluded_lines": 0, "percent_statements_covered": 0.0, "percent_statements_covered_display": "0.00"}, "missing_lines": [706, 707, 708, 709, 710, 713, 714, 715, 716, 718, 722, 725, 728, 729, 730, 731, 733, 736, 737, 738, 739, 740, 741, 743, 744], "excluded_lines": [], "start_line": 704}, "AGWPEBridge._handle_ax25_incoming": {"executed_lines": [], "summary": {"covered_lines": 0, "num_statements": 43, "percent_covered": 0.0, "percent_covered_display": "0.00", "missing_lines": 43, "excluded_lines": 0, "percent_statements_covered": 0.0, "percent_statements_covered_display": "0.00"}, "missing_lines": [748, 749, 750, 751, 758, 759, 760, 761, 762, 764, 765, 769, 774, 775, 776, 777, 778, 779, 780, 783, 784, 785, 788, 791, 792, 794, 795, 798, 799, 802, 803, 804, 809, 810, 811, 812, 813, 814, 815, 817, 818, 823, 824], "excluded_lines": [], "start_line": 746}, "AGWPEBridge.send_monitored_frame": {"executed_lines": [], "summary": {"covered_lines": 0, "num_statements": 74, "percent_covered": 0.0, "percent_covered_display": "0.00", "missing_lines": 74, "excluded_lines": 0, "percent_statements_covered": 0.0, "percent_statements_covered_display": "0.00"}, "missing_lines": [830, 831, 834, 835, 837, 839, 840, 843, 844, 847, 850, 851, 853, 856, 859, 861, 862, 865, 866, 867, 869, 871, 872, 873, 874, 876, 877, 878, 879, 882, 889, 890, 891, 893, 894, 896, 899, 900, 901, 902, 906, 909, 910, 912, 913, 916, 917, 919, 922, 923, 924, 925, 926, 927, 928, 929, 930, 931, 932, 933, 934, 939, 940, 941, 942, 943, 944, 945, 946, 947, 951, 952, 954, 955], "excluded_lines": [], "start_line": 826}, "AGWPEBridge.start": {"executed_lines": [], "summary": {"covered_lines": 0, "num_statements": 13, "percent_covered": 0.0, "percent_covered_display": "0.00", "missing_lines": 13, "excluded_lines": 0, "percent_statements_covered": 0.0, "percent_statements_covered_display": "0.00"}, "missing_lines": [964, 966, 971, 974, 977, 978, 979, 980, 982, 983, 984, 985, 986], "excluded_lines": [], "start_line": 957}, "AGWPEBridge.stop": {"executed_lines": [], "summary": {"covered_lines": 0, "num_statements": 20, "percent_covered": 0.0, "percent_covered_display": "0.00", "missing_lines": 20, "excluded_lines": 0, "percent_statements_covered": 0.0, "percent_statements_covered_display": "0.00"}, "missing_lines": [991, 992, 993, 994, 995, 1000, 1001, 1002, 1003, 1004, 1007, 1008, 1009, 1010, 1011, 1012, 1015, 1016, 1017, 1018], "excluded_lines": [], "start_line": 988}, "": {"executed_lines": [], "summary": {"covered_lines": 0, "num_statements": 38, "percent_covered": 0.0, "percent_covered_display": "0.00", "missing_lines": 38, "excluded_lines": 0, "percent_statements_covered": 0.0, "percent_statements_covered_display": "0.00"}, "missing_lines": [13, 14, 15, 16, 17, 19, 20, 22, 25, 26, 29, 32, 40, 74, 75, 104, 107, 127, 140, 149, 152, 183, 242, 355, 362, 375, 396, 426, 467, 479, 569, 644, 704, 746, 826, 957, 988, 1021], "excluded_lines": [], "start_line": 1}}, "classes": {"AGWPEFrame": {"executed_lines": [], "summary": {"covered_lines": 0, "num_statements": 41, "percent_covered": 0.0, "percent_covered_display": "0.00", "missing_lines": 41, "excluded_lines": 0, "percent_statements_covered": 0.0, "percent_statements_covered_display": "0.00"}, "missing_lines": [33, 34, 35, 36, 37, 38, 43, 46, 47, 48, 49, 52, 53, 54, 55, 58, 59, 62, 63, 66, 67, 70, 72, 77, 78, 80, 81, 82, 83, 86, 87, 88, 89, 90, 92, 93, 94, 95, 96, 99, 101], "excluded_lines": [], "start_line": 29}, "AGWPEClient": {"executed_lines": [], "summary": {"covered_lines": 0, "num_statements": 20, "percent_covered": 0.0, "percent_covered_display": "0.00", "missing_lines": 20, "excluded_lines": 0, "percent_statements_covered": 0.0, "percent_statements_covered_display": "0.00"}, "missing_lines": [113, 114, 115, 116, 119, 120, 121, 125, 129, 130, 131, 132, 133, 137, 138, 142, 143, 144, 145, 146], "excluded_lines": [], "start_line": 104}, "AGWPEBridge": {"executed_lines": [], "summary": {"covered_lines": 0, "num_statements": 435, "percent_covered": 0.0, "percent_covered_display": "0.00", "missing_lines": 435, "excluded_lines": 0, "percent_statements_covered": 0.0, "percent_statements_covered_display": "0.00"}, "missing_lines": [155, 156, 157, 160, 161, 162, 166, 167, 168, 170, 172, 175, 177, 180, 181, 187, 188, 189, 191, 192, 194, 195, 197, 198, 199, 202, 203, 204, 207, 208, 211, 213, 214, 215, 216, 219, 220, 221, 224, 225, 226, 227, 228, 232, 233, 234, 235, 236, 237, 238, 239, 240, 244, 246, 252, 253, 256, 257, 260, 261, 264, 265, 266, 271, 272, 273, 278, 279, 283, 284, 289, 290, 291, 292, 297, 298, 301, 302, 305, 306, 309, 312, 313, 317, 322, 323, 324, 325, 326, 327, 328, 331, 332, 335, 336, 339, 340, 343, 344, 347, 348, 351, 357, 358, 359, 360, 365, 366, 367, 368, 370, 371, 372, 373, 378, 390, 391, 392, 393, 394, 400, 403, 406, 407, 408, 409, 410, 411, 413, 417, 418, 423, 424, 430, 433, 434, 435, 438, 440, 441, 444, 445, 446, 447, 449, 450, 452, 454, 458, 459, 464, 465, 469, 471, 472, 473, 476, 477, 487, 488, 489, 492, 493, 497, 498, 499, 500, 501, 502, 503, 506, 510, 513, 516, 517, 522, 526, 528, 529, 530, 532, 538, 539, 540, 541, 544, 545, 549, 554, 555, 556, 557, 558, 559, 561, 562, 564, 565, 573, 576, 582, 583, 584, 585, 587, 588, 591, 594, 595, 596, 598, 602, 608, 609, 610, 611, 613, 614, 616, 622, 623, 625, 626, 628, 629, 634, 635, 636, 637, 638, 639, 640, 641, 642, 648, 649, 650, 651, 652, 656, 657, 658, 659, 661, 662, 663, 668, 671, 673, 674, 677, 680, 684, 691, 692, 696, 698, 699, 701, 702, 706, 707, 708, 709, 710, 713, 714, 715, 716, 718, 722, 725, 728, 729, 730, 731, 733, 736, 737, 738, 739, 740, 741, 743, 744, 748, 749, 750, 751, 758, 759, 760, 761, 762, 764, 765, 769, 774, 775, 776, 777, 778, 779, 780, 783, 784, 785, 788, 791, 792, 794, 795, 798, 799, 802, 803, 804, 809, 810, 811, 812, 813, 814, 815, 817, 818, 823, 824, 830, 831, 834, 835, 837, 839, 840, 843, 844, 847, 850, 851, 853, 856, 859, 861, 862, 865, 866, 867, 869, 871, 872, 873, 874, 876, 877, 878, 879, 882, 889, 890, 891, 893, 894, 896, 899, 900, 901, 902, 906, 909, 910, 912, 913, 916, 917, 919, 922, 923, 924, 925, 926, 927, 928, 929, 930, 931, 932, 933, 934, 939, 940, 941, 942, 943, 944, 945, 946, 947, 951, 952, 954, 955, 964, 966, 971, 974, 977, 978, 979, 980, 982, 983, 984, 985, 986, 991, 992, 993, 994, 995, 1000, 1001, 1002, 1003, 1004, 1007, 1008, 1009, 1010, 1011, 1012, 1015, 1016, 1017, 1018], "excluded_lines": [], "start_line": 149}, "": {"executed_lines": [], "summary": {"covered_lines": 0, "num_statements": 38, "percent_covered": 0.0, "percent_covered_display": "0.00", "missing_lines": 38, "excluded_lines": 0, "percent_statements_covered": 0.0, "percent_statements_covered_display": "0.00"}, "missing_lines": [13, 14, 15, 16, 17, 19, 20, 22, 25, 26, 29, 32, 40, 74, 75, 104, 107, 127, 140, 149, 152, 183, 242, 355, 362, 375, 396, 426, 467, 479, 569, 644, 704, 746, 826, 957, 988, 1021], "excluded_lines": [], "start_line": 1}}}, "src/aprs_manager.py": {"executed_lines": [6, 7, 8, 9, 10, 11, 12, 13, 14, 15, 16, 18, 19, 20, 23, 24, 25, 26, 31, 34, 35, 38, 39, 40, 41, 42, 43, 44, 45, 46, 49, 50, 53, 56, 57, 60, 61, 62, 63, 64, 65, 66, 67, 68, 69, 72, 73, 76, 77, 78, 79, 80, 81, 82, 83, 84, 85, 86, 87, 88, 89, 90, 91, 94, 95, 98, 99, 100, 103, 104, 107, 108, 109, 110, 111, 114, 115, 118, 119, 120, 123, 124, 129, 130, 135, 138, 139, 144, 145, 148, 151, 154, 157, 160, 165, 168, 172, 176, 180, 186, 216, 231, 232, 235, 236, 237, 238, 242, 243, 245, 248, 271, 272, 273, 274, 277, 280, 281, 282, 283, 285, 288, 291, 299, 300, 301, 302, 303, 304, 305, 306, 307, 310, 311, 317, 318, 330, 331, 332, 333, 334, 335, 342, 346, 347, 350, 351, 352, 355, 356, 357, 358, 360, 363, 403, 406, 416, 418, 421, 422, 423, 426, 427, 430, 433, 436, 442, 445, 448, 451, 452, 455, 457, 463, 465, 472, 473, 476, 479, 483, 486, 487, 489, 491, 501, 503, 504, 511, 516, 520, 527, 528, 547, 548, 549, 563, 564, 565, 566, 580, 581, 582, 600, 601, 602, 603, 621, 622, 623, 630, 631, 632, 641, 642, 643, 644, 654, 657, 658, 673, 677, 679, 681, 682, 685, 697, 714, 723, 726, 727, 728, 729, 730, 731, 732, 737, 746, 748, 749, 751, 752, 753, 754, 757, 759, 782, 783, 784, 799, 802, 803, 804, 822, 823, 831, 834, 835, 836, 837, 855, 856, 861, 862, 865, 866, 867, 868, 880, 881, 884, 885, 886, 895, 896, 897, 908, 909, 910, 911, 920, 921, 924, 927, 929, 930, 938, 953, 955, 961, 962, 964, 965, 966, 967, 970, 973, 984, 993, 994, 996, 1002, 1007, 1009, 1026, 1027, 1029, 1032, 1037, 1041, 1043, 1047, 1050, 1051, 1053, 1068, 1069, 1072, 1073, 1076, 1077, 1085, 1088, 1091, 1092, 1093, 1094, 1103, 1104, 1105, 1111, 1112, 1113, 1115, 1136, 1137, 1139, 1140, 1148, 1151, 1152, 1155, 1156, 1159, 1163, 1164, 1165, 1166, 1169, 1174, 1176, 1179, 1180, 1181, 1185, 1186, 1187, 1190, 1201, 1203, 1217, 1218, 1220, 1222, 1225, 1226, 1229, 1233, 1234, 1237, 1239, 1244, 1250, 1275, 1276, 1279, 1280, 1283, 1284, 1291, 1296, 1301, 1302, 1303, 1305, 1306, 1307, 1308, 1309, 1312, 1313, 1314, 1323, 1327, 1329, 1330, 1331, 1335, 1339, 1340, 1341, 1344, 1345, 1348, 1349, 1352, 1359, 1360, 1361, 1364, 1365, 1373, 1377, 1387, 1393, 1414, 1415, 1416, 1417, 1418, 1426, 1436, 1444, 1447, 1448, 1451, 1458, 1460, 1467, 1470, 1479, 1492, 1495, 1496, 1497, 1499, 1502, 1504, 1510, 1518, 1541, 1542, 1544, 1549, 1552, 1553, 1557, 1559, 1560, 1567, 1569, 1575, 1576, 1577, 1578, 1579, 1580, 1581, 1585, 1587, 1590, 1593, 1597, 1601, 1603, 1606, 1609, 1611, 1612, 1614, 1620, 1623, 1624, 1625, 1626, 1632, 1633, 1639, 1640, 1641, 1645, 1647, 1653, 1659, 1661, 1730, 1740, 1743, 1746, 1747, 1749, 1752, 1755, 1756, 1757, 1758, 1760, 1765, 1767, 1768, 1810, 1811, 1812, 1818, 1820, 1837, 1863, 1864, 1866, 1867, 1874, 1885, 1886, 1888, 1899, 1900, 1905, 1906, 1907, 1908, 1911, 1912, 1913, 1917, 1918, 1919, 1922, 1924, 1927, 1928, 1929, 1932, 1933, 1934, 1937, 1938, 1939, 1942, 1943, 1944, 1945, 1950, 1951, 1952, 1955, 1958, 1960, 1972, 1975, 1976, 1977, 1980, 1982, 1987, 2001, 2002, 2005, 2025, 2028, 2031, 2032, 2033, 2035, 2036, 2039, 2040, 2059, 2061, 2076, 2089, 2090, 2093, 2096, 2099, 2100, 2102, 2103, 2106, 2107, 2108, 2143, 2147, 2149, 2155, 2161, 2167, 2168, 2172, 2174, 2180, 2181, 2182, 2183, 2185, 2198, 2199, 2213, 2218, 2219, 2222, 2224, 2242, 2243, 2245, 2251, 2258, 2281, 2283, 2289, 2291, 2308, 2309, 2311, 2312, 2320, 2323, 2325, 2326, 2328, 2330, 2336, 2337, 2343, 2352, 2353, 2354, 2356, 2367, 2368, 2369, 2371, 2380, 2382, 2383, 2384, 2386, 2394, 2396, 2404, 2406, 2414, 2416, 2421, 2439, 2440, 2441, 2443, 2446, 2450, 2451, 2453, 2455, 2456, 2458, 2459, 2460, 2461, 2462, 2464, 2466, 2469, 2470, 2471, 2474, 2475, 2476, 2486, 2489, 2490, 2491, 2497, 2500, 2504, 2512, 2514, 2523, 2533, 2535, 2538, 2540, 2541, 2542, 2545, 2546, 2547, 2549, 2558, 2574, 2583, 2584, 2586, 2588, 2590, 2608, 2609, 2611, 2612, 2614, 2616, 2617, 2628, 2629, 2632, 2633, 2636, 2637, 2642, 2643, 2646, 2655, 2657, 2658, 2678, 2679, 2681, 2687, 2690, 2691, 2693, 2696, 2697, 2700, 2701, 2704, 2705, 2706, 2707, 2710, 2711, 2712, 2715, 2716, 2718, 2721, 2722, 2725, 2726, 2729, 2730, 2731, 2732, 2735, 2750, 2753, 2754, 2755, 2756, 2757, 2758, 2759, 2760, 2761, 2766, 2768, 2769, 2779, 2783, 2786, 2787, 2790, 2793, 2796, 2798, 2800, 2832, 2833, 2837, 2838, 2839, 2840, 2848, 2850, 2851, 2852, 2853, 2855, 2856, 2858, 2859, 2861, 2867, 2868, 2871, 2875, 2880, 2883, 2886, 2887, 2896, 2909, 2912, 2913, 2914, 2916, 2919, 2921, 2927, 2957, 2958, 2960, 2962, 2963, 2964, 2966, 2971, 2973, 2975, 2977, 2978, 2979, 2982, 2983, 2989, 2990, 2993, 2994, 2997, 2998, 2999, 3000, 3001, 3002, 3003, 3008, 3009, 3010, 3011, 3012, 3013, 3014, 3019, 3024, 3027, 3035, 3036, 3045, 3058, 3061, 3062, 3063, 3065, 3068, 3070, 3075, 3097, 3098, 3100, 3102, 3105, 3106, 3108, 3112, 3113, 3116, 3119, 3120, 3122, 3126, 3127, 3130, 3131, 3134, 3135, 3136, 3137, 3138, 3139, 3145, 3146, 3147, 3148, 3149, 3150, 3151, 3156, 3161, 3164, 3176, 3179, 3182, 3183, 3186, 3188, 3193, 3213, 3214, 3215, 3218, 3220, 3224, 3231, 3232, 3234, 3239, 3260, 3261, 3265, 3266, 3267, 3268, 3269, 3271, 3275, 3276, 3281, 3284, 3288, 3289, 3290, 3291, 3294, 3295, 3296, 3297, 3298, 3299, 3302, 3303, 3304, 3305, 3306, 3307, 3312, 3317, 3320, 3332, 3335, 3336, 3338, 3343, 3366, 3367, 3368, 3371, 3374, 3377, 3381, 3382, 3383, 3389, 3390, 3391, 3392, 3393, 3394, 3395, 3400, 3401, 3405, 3414, 3415, 3418, 3419, 3422, 3427, 3433, 3435, 3444, 3456, 3457, 3469, 3470, 3474, 3476, 3478, 3480, 3482, 3484, 3486, 3489, 3491, 3493, 3507, 3510, 3511, 3514, 3515, 3516, 3517, 3518, 3519, 3521, 3539, 3540, 3541, 3542, 3543, 3544, 3545, 3547, 3548, 3551, 3552, 3553, 3555, 3557, 3566, 3568, 3569, 3571, 3576, 3578, 3581, 3587, 3596, 3598, 3629, 3633, 3634, 3635, 3638, 3639, 3641, 3642, 3645, 3646, 3647, 3656, 3657, 3658, 3663, 3666, 3673, 3674, 3680, 3681, 3683, 3685, 3695, 3702, 3712, 3714, 3723, 3733, 3734, 3735, 3737, 3740, 3743, 3744, 3747, 3748, 3749, 3750, 3751, 3752, 3753, 3755, 3756, 3760, 3763, 3765, 3766, 3769, 3770, 3771, 3772, 3773, 3774, 3775, 3776, 3777, 3778, 3802, 3804, 3806, 3808, 3810, 3815, 3822, 3830, 3838, 3839, 3840, 3841, 3842, 3845, 3846, 3847, 3849, 3851, 3852, 3855, 3856, 3857, 3858, 3859, 3862, 3864, 3865, 3868, 3885, 3886, 3889, 3890, 3891, 3892, 3895, 3896, 3899, 3908, 3909, 3912, 3914, 3999, 4099, 4105, 4106, 4108, 4109, 4110, 4111, 4112, 4114, 4116, 4125, 4128, 4129, 4130, 4131, 4133, 4134, 4136, 4138, 4142, 4143, 4148, 4151, 4153], "summary": {"covered_lines": 1128, "num_statements": 1581, "percent_covered": 71.34724857685009, "percent_covered_display": "71.35", "missing_lines": 453, "excluded_lines": 0, "percent_statements_covered": 71.34724857685009, "percent_statements_covered_display": "71.35"}, "missing_lines": [320, 326, 327, 336, 337, 338, 339, 343, 377, 378, 380, 381, 382, 384, 387, 390, 391, 394, 397, 398, 400, 477, 478, 480, 481, 505, 506, 507, 508, 509, 512, 513, 517, 518, 687, 689, 690, 691, 692, 693, 694, 699, 700, 701, 702, 703, 704, 705, 706, 707, 709, 710, 711, 712, 733, 734, 735, 738, 739, 740, 741, 742, 743, 744, 825, 826, 827, 828, 857, 858, 859, 931, 932, 935, 936, 958, 977, 979, 980, 981, 982, 1038, 1097, 1098, 1099, 1106, 1107, 1160, 1188, 1189, 1192, 1193, 1197, 1198, 1199, 1227, 1235, 1246, 1247, 1248, 1281, 1297, 1310, 1311, 1315, 1317, 1318, 1320, 1324, 1336, 1350, 1384, 1395, 1397, 1398, 1402, 1403, 1404, 1406, 1408, 1419, 1420, 1431, 1432, 1441, 1455, 1471, 1476, 1498, 1512, 1513, 1514, 1515, 1516, 1561, 1565, 1613, 1648, 1665, 1667, 1673, 1674, 1675, 1680, 1681, 1682, 1686, 1688, 1689, 1696, 1702, 1703, 1704, 1711, 1713, 1714, 1715, 1719, 1721, 1722, 1727, 1770, 1771, 1776, 1777, 1781, 1782, 1784, 1785, 1789, 1794, 1795, 1797, 1799, 1801, 1803, 1804, 1808, 1822, 1826, 1828, 1832, 1834, 1835, 1889, 1901, 1902, 1923, 1963, 1966, 1968, 1984, 1985, 2007, 2008, 2010, 2011, 2012, 2013, 2014, 2016, 2017, 2018, 2019, 2021, 2022, 2042, 2044, 2047, 2048, 2052, 2055, 2056, 2078, 2079, 2080, 2081, 2082, 2084, 2085, 2087, 2110, 2111, 2112, 2113, 2115, 2119, 2122, 2123, 2124, 2127, 2128, 2129, 2131, 2135, 2138, 2139, 2140, 2144, 2169, 2170, 2171, 2268, 2271, 2273, 2276, 2278, 2279, 2419, 2447, 2487, 2488, 2493, 2494, 2682, 2688, 2694, 2702, 2713, 2719, 2727, 2736, 2737, 2738, 2740, 2741, 2743, 2744, 2746, 2747, 2751, 2752, 2762, 2763, 2764, 2780, 2834, 2854, 2862, 2872, 2876, 2888, 2889, 2890, 2891, 2892, 2893, 2894, 2915, 2923, 2925, 3004, 3005, 3015, 3016, 3028, 3032, 3037, 3038, 3039, 3040, 3041, 3042, 3043, 3064, 3072, 3073, 3103, 3109, 3117, 3123, 3140, 3141, 3142, 3152, 3153, 3190, 3191, 3221, 3236, 3237, 3262, 3272, 3277, 3285, 3300, 3308, 3309, 3340, 3341, 3378, 3384, 3385, 3386, 3396, 3397, 3402, 3420, 3424, 3425, 3508, 3736, 3754, 3757, 3758, 3759, 3779, 3780, 3781, 3799, 3800, 3801, 3803, 3805, 3807, 3809, 3816, 3817, 3826, 3827, 3834, 3835, 3869, 3870, 3871, 3872, 3875, 3876, 3879, 3880, 3883, 3910, 3926, 3927, 3930, 3936, 3937, 3940, 3943, 3944, 3946, 3947, 3948, 3951, 3952, 3955, 3956, 3960, 3963, 3964, 3965, 3966, 3967, 3968, 3970, 3971, 3972, 3974, 3976, 3979, 3980, 3981, 3982, 3983, 3984, 3985, 3987, 3989, 3992, 3993, 3994, 3995, 3997, 4010, 4011, 4014, 4020, 4021, 4024, 4034, 4037, 4039, 4040, 4041, 4042, 4043, 4046, 4047, 4048, 4051, 4052, 4055, 4056, 4059, 4068, 4069, 4070, 4071, 4072, 4073, 4074, 4075, 4078, 4079, 4083, 4084, 4088, 4089, 4093, 4095, 4097, 4137, 4139], "excluded_lines": [], "functions": {"adjust_pressure_to_sea_level": {"executed_lines": [231, 232, 235, 236, 237, 238, 242, 243, 245], "summary": {"covered_lines": 9, "num_statements": 9, "percent_covered": 100.0, "percent_covered_display": "100.00", "missing_lines": 0, "excluded_lines": 0, "percent_statements_covered": 100.0, "percent_statements_covered_display": "100.00"}, "missing_lines": [], "excluded_lines": [], "start_line": 216}, "calculate_zambretti_code": {"executed_lines": [271, 272, 273, 274, 277, 280, 281, 282, 283, 285, 288, 291, 299, 300, 301, 302, 303, 304, 305, 306, 307, 310, 311, 317, 318, 330, 331, 332, 333, 334, 335, 342, 346, 347, 350, 351, 352, 355, 356, 357, 358, 360], "summary": {"covered_lines": 42, "num_statements": 50, "percent_covered": 84.0, "percent_covered_display": "84.00", "missing_lines": 8, "excluded_lines": 0, "percent_statements_covered": 84.0, "percent_statements_covered_display": "84.00"}, "missing_lines": [320, 326, 327, 336, 337, 338, 339, 343], "excluded_lines": [], "start_line": 248}, "_parse_pressure_from_raw": {"executed_lines": [], "summary": {"covered_lines": 0, "num_statements": 13, "percent_covered": 0.0, "percent_covered_display": "0.00", "missing_lines": 13, "excluded_lines": 0, "percent_statements_covered": 0.0, "percent_statements_covered_display": "0.00"}, "missing_lines": [377, 378, 380, 381, 382, 384, 387, 390, 391, 394, 397, 398, 400], "excluded_lines": [], "start_line": 363}, "APRSManager.__init__": {"executed_lines": [416, 418, 421, 422, 423, 426, 427, 430, 433, 436, 442, 445, 448, 451, 452, 455], "summary": {"covered_lines": 16, "num_statements": 16, "percent_covered": 100.0, "percent_covered_display": "100.00", "missing_lines": 0, "excluded_lines": 0, "percent_statements_covered": 100.0, "percent_statements_covered_display": "100.00"}, "missing_lines": [], "excluded_lines": [], "start_line": 406}, "APRSManager.set_web_broadcast_callback": {"executed_lines": [463], "summary": {"covered_lines": 1, "num_statements": 1, "percent_covered": 100.0, "percent_covered_display": "100.00", "missing_lines": 0, "excluded_lines": 0, "percent_statements_covered": 100.0, "percent_statements_covered_display": "100.00"}, "missing_lines": [], "excluded_lines": [], "start_line": 457}, "APRSManager._broadcast_update": {"executed_lines": [472, 473, 476, 479, 483, 486, 487, 489], "summary": {"covered_lines": 8, "num_statements": 12, "percent_covered": 66.66666666666667, "percent_covered_display": "66.67", "missing_lines": 4, "excluded_lines": 0, "percent_statements_covered": 66.66666666666667, "percent_statements_covered_display": "66.67"}, "missing_lines": [477, 478, 480, 481], "excluded_lines": [], "start_line": 465}, "APRSManager.save_database": {"executed_lines": [501, 503, 504, 511, 516, 520, 527, 528, 547, 548, 549, 563, 564, 565, 566, 580, 581, 582, 600, 601, 602, 603, 621, 622, 623, 630, 631, 632, 641, 642, 643, 644, 654, 657, 658, 673, 677, 679, 681, 682, 685, 697], "summary": {"covered_lines": 42, "num_statements": 71, "percent_covered": 59.15492957746479, "percent_covered_display": "59.15", "missing_lines": 29, "excluded_lines": 0, "percent_statements_covered": 59.15492957746479, "percent_statements_covered_display": "59.15"}, "missing_lines": [505, 506, 507, 508, 509, 512, 513, 517, 518, 687, 689, 690, 691, 692, 693, 694, 699, 700, 701, 702, 703, 704, 705, 706, 707, 709, 710, 711, 712], "excluded_lines": [], "start_line": 491}, "APRSManager.load_database": {"executed_lines": [723, 726, 727, 728, 729, 730, 731, 732, 737, 746, 748, 749, 751, 752, 753, 754, 757, 759, 782, 783, 784, 799, 802, 803, 804, 822, 823, 831, 834, 835, 836, 837, 855, 856, 861, 862, 865, 866, 867, 868, 880, 881, 884, 885, 886, 895, 896, 897, 908, 909, 910, 911, 920, 921, 924, 927, 929, 930, 938, 953, 955, 961, 962, 964, 965, 966, 967, 970, 973], "summary": {"covered_lines": 69, "num_statements": 96, "percent_covered": 71.875, "percent_covered_display": "71.88", "missing_lines": 27, "excluded_lines": 0, "percent_statements_covered": 71.875, "percent_statements_covered_display": "71.88"}, "missing_lines": [733, 734, 735, 738, 739, 740, 741, 742, 743, 744, 825, 826, 827, 828, 857, 858, 859, 931, 932, 935, 936, 958, 977, 979, 980, 981, 982], "excluded_lines": [], "start_line": 714}, "APRSManager.is_message_for_me": {"executed_lines": [993, 994, 996, 1002, 1007], "summary": {"covered_lines": 5, "num_statements": 5, "percent_covered": 100.0, "percent_covered_display": "100.00", "missing_lines": 0, "excluded_lines": 0, "percent_statements_covered": 100.0, "percent_statements_covered_display": "100.00"}, "missing_lines": [], "excluded_lines": [], "start_line": 984}, "APRSManager.is_duplicate_packet": {"executed_lines": [1026, 1027, 1029, 1032, 1037, 1041, 1043, 1047, 1050, 1051], "summary": {"covered_lines": 10, "num_statements": 11, "percent_covered": 90.9090909090909, "percent_covered_display": "90.91", "missing_lines": 1, "excluded_lines": 0, "percent_statements_covered": 90.9090909090909, "percent_statements_covered_display": "90.91"}, "missing_lines": [1038], "excluded_lines": [], "start_line": 1009}, "APRSManager.record_digipeater_path": {"executed_lines": [1068, 1069, 1072, 1073, 1076, 1077, 1085, 1088, 1091, 1092, 1093, 1094, 1103, 1104, 1105, 1111, 1112, 1113], "summary": {"covered_lines": 18, "num_statements": 23, "percent_covered": 78.26086956521739, "percent_covered_display": "78.26", "missing_lines": 5, "excluded_lines": 0, "percent_statements_covered": 78.26086956521739, "percent_statements_covered_display": "78.26"}, "missing_lines": [1097, 1098, 1099, 1106, 1107], "excluded_lines": [], "start_line": 1053}, "APRSManager._get_or_create_station": {"executed_lines": [1136, 1137, 1139, 1140, 1148, 1151, 1152, 1155, 1156, 1159, 1163, 1164, 1165, 1166, 1169, 1174, 1176, 1179, 1180, 1181, 1185, 1186, 1187, 1190, 1201], "summary": {"covered_lines": 25, "num_statements": 33, "percent_covered": 75.75757575757575, "percent_covered_display": "75.76", "missing_lines": 8, "excluded_lines": 0, "percent_statements_covered": 75.75757575757575, "percent_statements_covered_display": "75.76"}, "missing_lines": [1160, 1188, 1189, 1192, 1193, 1197, 1198, 1199], "excluded_lines": [], "start_line": 1115}, "APRSManager.parse_third_party": {"executed_lines": [1217, 1218, 1220, 1222, 1225, 1226, 1229, 1233, 1234, 1237, 1239, 1244], "summary": {"covered_lines": 12, "num_statements": 17, "percent_covered": 70.58823529411765, "percent_covered_display": "70.59", "missing_lines": 5, "excluded_lines": 0, "percent_statements_covered": 70.58823529411765, "percent_statements_covered_display": "70.59"}, "missing_lines": [1227, 1235, 1246, 1247, 1248], "excluded_lines": [], "start_line": 1203}, "APRSManager.parse_aprs_mice": {"executed_lines": [1275, 1276, 1279, 1280, 1283, 1284, 1291, 1296, 1301, 1302, 1303, 1305, 1306, 1307, 1308, 1309, 1312, 1313, 1314, 1323, 1327, 1329, 1330, 1331, 1335, 1339, 1340, 1341, 1344, 1345, 1348, 1349, 1352, 1359, 1360, 1361, 1364, 1365, 1373, 1377, 1387, 1393, 1414, 1415, 1416, 1417, 1418, 1426, 1436, 1444, 1447, 1448, 1451, 1458, 1460, 1467, 1470, 1479, 1492, 1495, 1496, 1497, 1499, 1502, 1504, 1510], "summary": {"covered_lines": 66, "num_statements": 100, "percent_covered": 66.0, "percent_covered_display": "66.00", "missing_lines": 34, "excluded_lines": 0, "percent_statements_covered": 66.0, "percent_statements_covered_display": "66.00"}, "missing_lines": [1281, 1297, 1310, 1311, 1315, 1317, 1318, 1320, 1324, 1336, 1350, 1384, 1395, 1397, 1398, 1402, 1403, 1404, 1406, 1408, 1419, 1420, 1431, 1432, 1441, 1455, 1471, 1476, 1498, 1512, 1513, 1514, 1515, 1516], "excluded_lines": [], "start_line": 1250}, "APRSManager.parse_aprs_message": {"executed_lines": [1541, 1542, 1544, 1549, 1552, 1553, 1557, 1559, 1560, 1567, 1569, 1575, 1576, 1577, 1578, 1579, 1580, 1581, 1585, 1587, 1590, 1593, 1597, 1601, 1603, 1606, 1609, 1611, 1612, 1614, 1620, 1623, 1624, 1625, 1626, 1632, 1633, 1639, 1640, 1641, 1645, 1647, 1653, 1659, 1661, 1730, 1740, 1743, 1746, 1747, 1749, 1752, 1755, 1756, 1757, 1758, 1760, 1765, 1767, 1768, 1810, 1811, 1812, 1818, 1820], "summary": {"covered_lines": 65, "num_statements": 115, "percent_covered": 56.52173913043478, "percent_covered_display": "56.52", "missing_lines": 50, "excluded_lines": 0, "percent_statements_covered": 56.52173913043478, "percent_statements_covered_display": "56.52"}, "missing_lines": [1561, 1565, 1613, 1648, 1665, 1667, 1673, 1674, 1675, 1680, 1681, 1682, 1686, 1688, 1689, 1696, 1702, 1703, 1704, 1711, 1713, 1714, 1715, 1719, 1721, 1722, 1727, 1770, 1771, 1776, 1777, 1781, 1782, 1784, 1785, 1789, 1794, 1795, 1797, 1799, 1801, 1803, 1804, 1808, 1822, 1826, 1828, 1832, 1834, 1835], "excluded_lines": [], "start_line": 1518}, "APRSManager.parse_aprs_weather": {"executed_lines": [1863, 1864, 1866, 1867, 1874, 1885, 1886, 1888, 1899, 1900, 1905, 1906, 1907, 1908, 1911, 1912, 1913, 1917, 1918, 1919, 1922, 1924, 1927, 1928, 1929, 1932, 1933, 1934, 1937, 1938, 1939, 1942, 1943, 1944, 1945, 1950, 1951, 1952, 1955, 1958, 1960, 1972, 1975, 1976, 1977, 1980, 1982], "summary": {"covered_lines": 47, "num_statements": 56, "percent_covered": 83.92857142857143, "percent_covered_display": "83.93", "missing_lines": 9, "excluded_lines": 0, "percent_statements_covered": 83.92857142857143, "percent_statements_covered_display": "83.93"}, "missing_lines": [1889, 1901, 1902, 1923, 1963, 1966, 1968, 1984, 1985], "excluded_lines": [], "start_line": 1837}, "APRSManager._add_weather_to_history": {"executed_lines": [2001, 2002, 2005, 2025, 2028, 2031, 2032, 2033, 2035, 2036, 2039, 2040, 2059], "summary": {"covered_lines": 13, "num_statements": 33, "percent_covered": 39.39393939393939, "percent_covered_display": "39.39", "missing_lines": 20, "excluded_lines": 0, "percent_statements_covered": 39.39393939393939, "percent_statements_covered_display": "39.39"}, "missing_lines": [2007, 2008, 2010, 2011, 2012, 2013, 2014, 2016, 2017, 2018, 2019, 2021, 2022, 2042, 2044, 2047, 2048, 2052, 2055, 2056], "excluded_lines": [], "start_line": 1987}, "APRSManager._add_position_to_history": {"executed_lines": [2076, 2089, 2090, 2093, 2096, 2099, 2100, 2102, 2103, 2106, 2107, 2108, 2143, 2147], "summary": {"covered_lines": 14, "num_statements": 32, "percent_covered": 43.75, "percent_covered_display": "43.75", "missing_lines": 18, "excluded_lines": 0, "percent_statements_covered": 43.75, "percent_statements_covered_display": "43.75"}, "missing_lines": [2110, 2111, 2112, 2113, 2115, 2119, 2122, 2123, 2124, 2127, 2128, 2129, 2131, 2135, 2138, 2139, 2140, 2144], "excluded_lines": [], "start_line": 2061}, "APRSManager._add_position_to_history.distance_meters": {"executed_lines": [], "summary": {"covered_lines": 0, "num_statements": 8, "percent_covered": 0.0, "percent_covered_display": "0.00", "missing_lines": 8, "excluded_lines": 0, "percent_statements_covered": 0.0, "percent_statements_covered_display": "0.00"}, "missing_lines": [2078, 2079, 2080, 2081, 2082, 2084, 2085, 2087], "excluded_lines": [], "start_line": 2076}, "APRSManager.get_unread_count": {"executed_lines": [2155], "summary": {"covered_lines": 1, "num_statements": 1, "percent_covered": 100.0, "percent_covered_display": "100.00", "missing_lines": 0, "excluded_lines": 0, "percent_statements_covered": 100.0, "percent_statements_covered_display": "100.00"}, "missing_lines": [], "excluded_lines": [], "start_line": 2149}, "APRSManager.mark_all_read": {"executed_lines": [2167, 2168, 2172], "summary": {"covered_lines": 3, "num_statements": 6, "percent_covered": 50.0, "percent_covered_display": "50.00", "missing_lines": 3, "excluded_lines": 0, "percent_statements_covered": 50.0, "percent_statements_covered_display": "50.00"}, "missing_lines": [2169, 2170, 2171], "excluded_lines": [], "start_line": 2161}, "APRSManager.clear_messages": {"executed_lines": [2180, 2181, 2182, 2183], "summary": {"covered_lines": 4, "num_statements": 4, "percent_covered": 100.0, "percent_covered_display": "100.00", "missing_lines": 0, "excluded_lines": 0, "percent_statements_covered": 100.0, "percent_statements_covered_display": "100.00"}, "missing_lines": [], "excluded_lines": [], "start_line": 2174}, "APRSManager.add_sent_message": {"executed_lines": [2198, 2199, 2213, 2218, 2219, 2222], "summary": {"covered_lines": 6, "num_statements": 6, "percent_covered": 100.0, "percent_covered_display": "100.00", "missing_lines": 0, "excluded_lines": 0, "percent_statements_covered": 100.0, "percent_statements_covered_display": "100.00"}, "missing_lines": [], "excluded_lines": [], "start_line": 2185}, "APRSManager.get_pending_retries": {"executed_lines": [2242, 2243, 2245, 2251, 2258, 2281], "summary": {"covered_lines": 6, "num_statements": 12, "percent_covered": 50.0, "percent_covered_display": "50.00", "missing_lines": 6, "excluded_lines": 0, "percent_statements_covered": 50.0, "percent_statements_covered_display": "50.00"}, "missing_lines": [2268, 2271, 2273, 2276, 2278, 2279], "excluded_lines": [], "start_line": 2224}, "APRSManager.mark_message_failed": {"executed_lines": [2289], "summary": {"covered_lines": 1, "num_statements": 1, "percent_covered": 100.0, "percent_covered_display": "100.00", "missing_lines": 0, "excluded_lines": 0, "percent_statements_covered": 100.0, "percent_statements_covered_display": "100.00"}, "missing_lines": [], "excluded_lines": [], "start_line": 2283}, "APRSManager.check_expired_messages": {"executed_lines": [2308, 2309, 2311, 2312, 2320, 2323, 2325, 2326, 2328], "summary": {"covered_lines": 9, "num_statements": 9, "percent_covered": 100.0, "percent_covered_display": "100.00", "missing_lines": 0, "excluded_lines": 0, "percent_statements_covered": 100.0, "percent_statements_covered_display": "100.00"}, "missing_lines": [], "excluded_lines": [], "start_line": 2291}, "APRSManager.update_message_retry": {"executed_lines": [2336, 2337], "summary": {"covered_lines": 2, "num_statements": 2, "percent_covered": 100.0, "percent_covered_display": "100.00", "missing_lines": 0, "excluded_lines": 0, "percent_statements_covered": 100.0, "percent_statements_covered_display": "100.00"}, "missing_lines": [], "excluded_lines": [], "start_line": 2330}, "APRSManager.get_messages": {"executed_lines": [2352, 2353, 2354], "summary": {"covered_lines": 3, "num_statements": 3, "percent_covered": 100.0, "percent_covered_display": "100.00", "missing_lines": 0, "excluded_lines": 0, "percent_statements_covered": 100.0, "percent_statements_covered_display": "100.00"}, "missing_lines": [], "excluded_lines": [], "start_line": 2343}, "APRSManager.get_monitored_messages": {"executed_lines": [2367, 2368, 2369], "summary": {"covered_lines": 3, "num_statements": 3, "percent_covered": 100.0, "percent_covered_display": "100.00", "missing_lines": 0, "excluded_lines": 0, "percent_statements_covered": 100.0, "percent_statements_covered_display": "100.00"}, "missing_lines": [], "excluded_lines": [], "start_line": 2356}, "APRSManager.get_weather_stations": {"executed_lines": [2380, 2382, 2383, 2384, 2386, 2394, 2396, 2404, 2406, 2414, 2416], "summary": {"covered_lines": 11, "num_statements": 12, "percent_covered": 91.66666666666667, "percent_covered_display": "91.67", "missing_lines": 1, "excluded_lines": 0, "percent_statements_covered": 91.66666666666667, "percent_statements_covered_display": "91.67"}, "missing_lines": [2419], "excluded_lines": [], "start_line": 2371}, "APRSManager.get_zambretti_forecast": {"executed_lines": [2439, 2440, 2441, 2443, 2446, 2450, 2451, 2453, 2455, 2456, 2458, 2459, 2460, 2461, 2462, 2464, 2466, 2469, 2470, 2471, 2474, 2475, 2476, 2486, 2489, 2490, 2491, 2497, 2500, 2504, 2512, 2514], "summary": {"covered_lines": 32, "num_statements": 37, "percent_covered": 86.48648648648648, "percent_covered_display": "86.49", "missing_lines": 5, "excluded_lines": 0, "percent_statements_covered": 86.48648648648648, "percent_statements_covered_display": "86.49"}, "missing_lines": [2447, 2487, 2488, 2493, 2494], "excluded_lines": [], "start_line": 2421}, "APRSManager.format_message": {"executed_lines": [2533, 2535, 2538, 2540, 2541, 2542, 2545, 2546, 2547], "summary": {"covered_lines": 9, "num_statements": 9, "percent_covered": 100.0, "percent_covered_display": "100.00", "missing_lines": 0, "excluded_lines": 0, "percent_statements_covered": 100.0, "percent_statements_covered_display": "100.00"}, "missing_lines": [], "excluded_lines": [], "start_line": 2523}, "APRSManager.format_weather": {"executed_lines": [2558], "summary": {"covered_lines": 1, "num_statements": 1, "percent_covered": 100.0, "percent_covered_display": "100.00", "missing_lines": 0, "excluded_lines": 0, "percent_statements_covered": 100.0, "percent_statements_covered_display": "100.00"}, "missing_lines": [], "excluded_lines": [], "start_line": 2549}, "APRSManager._format_wind": {"executed_lines": [2583, 2584, 2586, 2588, 2590, 2608, 2609, 2611, 2612, 2614], "summary": {"covered_lines": 10, "num_statements": 10, "percent_covered": 100.0, "percent_covered_display": "100.00", "missing_lines": 0, "excluded_lines": 0, "percent_statements_covered": 100.0, "percent_statements_covered_display": "100.00"}, "missing_lines": [], "excluded_lines": [], "start_line": 2574}, "APRSManager.latlon_to_maidenhead": {"executed_lines": [2628, 2629, 2632, 2633, 2636, 2637, 2642, 2643, 2646, 2655], "summary": {"covered_lines": 10, "num_statements": 10, "percent_covered": 100.0, "percent_covered_display": "100.00", "missing_lines": 0, "excluded_lines": 0, "percent_statements_covered": 100.0, "percent_statements_covered_display": "100.00"}, "missing_lines": [], "excluded_lines": [], "start_line": 2617}, "APRSManager.maidenhead_to_latlon": {"executed_lines": [2678, 2679, 2681, 2687, 2690, 2691, 2693, 2696, 2697, 2700, 2701, 2704, 2705, 2706, 2707, 2710, 2711, 2712, 2715, 2716, 2718, 2721, 2722, 2725, 2726, 2729, 2730, 2731, 2732, 2735, 2750, 2753, 2754, 2755, 2756, 2757, 2758, 2759, 2760, 2761, 2766], "summary": {"covered_lines": 41, "num_statements": 62, "percent_covered": 66.12903225806451, "percent_covered_display": "66.13", "missing_lines": 21, "excluded_lines": 0, "percent_statements_covered": 66.12903225806451, "percent_statements_covered_display": "66.13"}, "missing_lines": [2682, 2688, 2694, 2702, 2713, 2719, 2727, 2736, 2737, 2738, 2740, 2741, 2743, 2744, 2746, 2747, 2751, 2752, 2762, 2763, 2764], "excluded_lines": [], "start_line": 2658}, "APRSManager.calculate_dew_point": {"executed_lines": [2779, 2783, 2786, 2787, 2790, 2793, 2796, 2798], "summary": {"covered_lines": 8, "num_statements": 9, "percent_covered": 88.88888888888889, "percent_covered_display": "88.89", "missing_lines": 1, "excluded_lines": 0, "percent_statements_covered": 88.88888888888889, "percent_statements_covered_display": "88.89"}, "missing_lines": [2780], "excluded_lines": [], "start_line": 2769}, "APRSManager._parse_compressed_position": {"executed_lines": [2832, 2833, 2837, 2838, 2839, 2840, 2848, 2858, 2859, 2861, 2867, 2868, 2871, 2875, 2880, 2883, 2886, 2887, 2896, 2909, 2912, 2913, 2914, 2916, 2919, 2921], "summary": {"covered_lines": 26, "num_statements": 40, "percent_covered": 65.0, "percent_covered_display": "65.00", "missing_lines": 14, "excluded_lines": 0, "percent_statements_covered": 65.0, "percent_statements_covered_display": "65.00"}, "missing_lines": [2834, 2862, 2872, 2876, 2888, 2889, 2890, 2891, 2892, 2893, 2894, 2915, 2923, 2925], "excluded_lines": [], "start_line": 2800}, "APRSManager._parse_compressed_position.base91_decode": {"executed_lines": [2850, 2851, 2852, 2853, 2855, 2856], "summary": {"covered_lines": 6, "num_statements": 7, "percent_covered": 85.71428571428571, "percent_covered_display": "85.71", "missing_lines": 1, "excluded_lines": 0, "percent_statements_covered": 85.71428571428571, "percent_statements_covered_display": "85.71"}, "missing_lines": [2854], "excluded_lines": [], "start_line": 2848}, "APRSManager.parse_aprs_position": {"executed_lines": [2957, 2958, 2960, 2962, 2963, 2964, 2966, 2971, 2973, 2975, 2977, 2978, 2979, 2982, 2983, 2989, 2990, 2993, 2994, 2997, 2998, 2999, 3000, 3001, 3002, 3003, 3008, 3009, 3010, 3011, 3012, 3013, 3014, 3019, 3024, 3027, 3035, 3036, 3045, 3058, 3061, 3062, 3063, 3065, 3068, 3070], "summary": {"covered_lines": 46, "num_statements": 62, "percent_covered": 74.19354838709677, "percent_covered_display": "74.19", "missing_lines": 16, "excluded_lines": 0, "percent_statements_covered": 74.19354838709677, "percent_statements_covered_display": "74.19"}, "missing_lines": [3004, 3005, 3015, 3016, 3028, 3032, 3037, 3038, 3039, 3040, 3041, 3042, 3043, 3064, 3072, 3073], "excluded_lines": [], "start_line": 2927}, "APRSManager.parse_aprs_object": {"executed_lines": [3097, 3098, 3100, 3102, 3105, 3106, 3108, 3112, 3113, 3116, 3119, 3120, 3122, 3126, 3127, 3130, 3131, 3134, 3135, 3136, 3137, 3138, 3139, 3145, 3146, 3147, 3148, 3149, 3150, 3151, 3156, 3161, 3164, 3176, 3179, 3182, 3183, 3186, 3188], "summary": {"covered_lines": 39, "num_statements": 50, "percent_covered": 78.0, "percent_covered_display": "78.00", "missing_lines": 11, "excluded_lines": 0, "percent_statements_covered": 78.0, "percent_statements_covered_display": "78.00"}, "missing_lines": [3103, 3109, 3117, 3123, 3140, 3141, 3142, 3152, 3153, 3190, 3191], "excluded_lines": [], "start_line": 3075}, "APRSManager.parse_aprs_status": {"executed_lines": [3213, 3214, 3215, 3218, 3220, 3224, 3231, 3232, 3234], "summary": {"covered_lines": 9, "num_statements": 12, "percent_covered": 75.0, "percent_covered_display": "75.00", "missing_lines": 3, "excluded_lines": 0, "percent_statements_covered": 75.0, "percent_statements_covered_display": "75.00"}, "missing_lines": [3221, 3236, 3237], "excluded_lines": [], "start_line": 3193}, "APRSManager.parse_aprs_item": {"executed_lines": [3260, 3261, 3265, 3266, 3267, 3268, 3269, 3271, 3275, 3276, 3281, 3284, 3288, 3289, 3290, 3291, 3294, 3295, 3296, 3297, 3298, 3299, 3302, 3303, 3304, 3305, 3306, 3307, 3312, 3317, 3320, 3332, 3335, 3336, 3338], "summary": {"covered_lines": 35, "num_statements": 44, "percent_covered": 79.54545454545455, "percent_covered_display": "79.55", "missing_lines": 9, "excluded_lines": 0, "percent_statements_covered": 79.54545454545455, "percent_statements_covered_display": "79.55"}, "missing_lines": [3262, 3272, 3277, 3285, 3300, 3308, 3309, 3340, 3341], "excluded_lines": [], "start_line": 3239}, "APRSManager.parse_aprs_telemetry": {"executed_lines": [3366, 3367, 3368, 3371, 3374, 3377, 3381, 3382, 3383, 3389, 3390, 3391, 3392, 3393, 3394, 3395, 3400, 3401, 3405, 3414, 3415, 3418, 3419, 3422], "summary": {"covered_lines": 24, "num_statements": 34, "percent_covered": 70.58823529411765, "percent_covered_display": "70.59", "missing_lines": 10, "excluded_lines": 0, "percent_statements_covered": 70.58823529411765, "percent_statements_covered_display": "70.59"}, "missing_lines": [3378, 3384, 3385, 3386, 3396, 3397, 3402, 3420, 3424, 3425], "excluded_lines": [], "start_line": 3343}, "APRSManager.get_position_reports": {"executed_lines": [3433], "summary": {"covered_lines": 1, "num_statements": 1, "percent_covered": 100.0, "percent_covered_display": "100.00", "missing_lines": 0, "excluded_lines": 0, "percent_statements_covered": 100.0, "percent_statements_covered_display": "100.00"}, "missing_lines": [], "excluded_lines": [], "start_line": 3427}, "APRSManager.format_position": {"executed_lines": [3444], "summary": {"covered_lines": 1, "num_statements": 1, "percent_covered": 100.0, "percent_covered_display": "100.00", "missing_lines": 0, "excluded_lines": 0, "percent_statements_covered": 100.0, "percent_statements_covered_display": "100.00"}, "missing_lines": [], "excluded_lines": [], "start_line": 3435}, "APRSManager.clean_position_comment": {"executed_lines": [3469, 3470, 3474, 3476, 3478, 3480, 3482, 3484, 3486, 3489, 3491], "summary": {"covered_lines": 11, "num_statements": 11, "percent_covered": 100.0, "percent_covered_display": "100.00", "missing_lines": 0, "excluded_lines": 0, "percent_statements_covered": 100.0, "percent_statements_covered_display": "100.00"}, "missing_lines": [], "excluded_lines": [], "start_line": 3457}, "APRSManager.format_combined_notification": {"executed_lines": [3507, 3510, 3511, 3514, 3515, 3516, 3517, 3518, 3519, 3521, 3539, 3540, 3541, 3542, 3543, 3544, 3545, 3547, 3548, 3551, 3552, 3553, 3555], "summary": {"covered_lines": 23, "num_statements": 24, "percent_covered": 95.83333333333333, "percent_covered_display": "95.83", "missing_lines": 1, "excluded_lines": 0, "percent_statements_covered": 95.83333333333333, "percent_statements_covered_display": "95.83"}, "missing_lines": [3508], "excluded_lines": [], "start_line": 3493}, "APRSManager.get_all_stations": {"executed_lines": [3566, 3568, 3569, 3571, 3576, 3578, 3581], "summary": {"covered_lines": 7, "num_statements": 7, "percent_covered": 100.0, "percent_covered_display": "100.00", "missing_lines": 0, "excluded_lines": 0, "percent_statements_covered": 100.0, "percent_statements_covered_display": "100.00"}, "missing_lines": [], "excluded_lines": [], "start_line": 3557}, "APRSManager.get_station": {"executed_lines": [3596], "summary": {"covered_lines": 1, "num_statements": 1, "percent_covered": 100.0, "percent_covered_display": "100.00", "missing_lines": 0, "excluded_lines": 0, "percent_statements_covered": 100.0, "percent_statements_covered_display": "100.00"}, "missing_lines": [], "excluded_lines": [], "start_line": 3587}, "APRSManager.get_digipeater_coverage": {"executed_lines": [3629, 3633, 3634, 3635, 3638, 3639, 3641, 3642, 3645, 3646, 3647, 3656, 3657, 3658, 3663, 3666, 3673, 3674, 3680, 3681, 3683], "summary": {"covered_lines": 21, "num_statements": 21, "percent_covered": 100.0, "percent_covered_display": "100.00", "missing_lines": 0, "excluded_lines": 0, "percent_statements_covered": 100.0, "percent_statements_covered_display": "100.00"}, "missing_lines": [], "excluded_lines": [], "start_line": 3598}, "APRSManager.format_station_table_row": {"executed_lines": [3695, 3702, 3712, 3714], "summary": {"covered_lines": 4, "num_statements": 4, "percent_covered": 100.0, "percent_covered_display": "100.00", "missing_lines": 0, "excluded_lines": 0, "percent_statements_covered": 100.0, "percent_statements_covered_display": "100.00"}, "missing_lines": [], "excluded_lines": [], "start_line": 3685}, "APRSManager.format_station_detail": {"executed_lines": [3733, 3734, 3735, 3737, 3740, 3743, 3744, 3747, 3748, 3749, 3750, 3751, 3752, 3753, 3755, 3756, 3760, 3763, 3765, 3766, 3769, 3770, 3771, 3772, 3773, 3774, 3775, 3776, 3777, 3778, 3802, 3804, 3806, 3808, 3810, 3815, 3822, 3830, 3838, 3839, 3840, 3841, 3842, 3845, 3846, 3847, 3849, 3851, 3852, 3855, 3856, 3857, 3858, 3859, 3862, 3864, 3865, 3868, 3885, 3886, 3889, 3890, 3891, 3892, 3895, 3896, 3899, 3908, 3909, 3912], "summary": {"covered_lines": 70, "num_statements": 101, "percent_covered": 69.3069306930693, "percent_covered_display": "69.31", "missing_lines": 31, "excluded_lines": 0, "percent_statements_covered": 69.3069306930693, "percent_statements_covered_display": "69.31"}, "missing_lines": [3736, 3754, 3757, 3758, 3759, 3779, 3780, 3781, 3799, 3800, 3801, 3803, 3805, 3807, 3809, 3816, 3817, 3826, 3827, 3834, 3835, 3869, 3870, 3871, 3872, 3875, 3876, 3879, 3880, 3883, 3910], "excluded_lines": [], "start_line": 3723}, "APRSManager._format_temperature_chart": {"executed_lines": [], "summary": {"covered_lines": 0, "num_statements": 41, "percent_covered": 0.0, "percent_covered_display": "0.00", "missing_lines": 41, "excluded_lines": 0, "percent_statements_covered": 0.0, "percent_statements_covered_display": "0.00"}, "missing_lines": [3926, 3927, 3930, 3936, 3937, 3940, 3943, 3944, 3946, 3947, 3948, 3951, 3952, 3955, 3956, 3960, 3963, 3964, 3965, 3966, 3967, 3968, 3970, 3971, 3972, 3974, 3976, 3979, 3980, 3981, 3982, 3983, 3984, 3985, 3987, 3989, 3992, 3993, 3994, 3995, 3997], "excluded_lines": [], "start_line": 3914}, "APRSManager._format_wind_rose": {"executed_lines": [], "summary": {"covered_lines": 0, "num_statements": 38, "percent_covered": 0.0, "percent_covered_display": "0.00", "missing_lines": 38, "excluded_lines": 0, "percent_statements_covered": 0.0, "percent_statements_covered_display": "0.00"}, "missing_lines": [4010, 4011, 4014, 4020, 4021, 4024, 4034, 4037, 4039, 4040, 4041, 4042, 4043, 4046, 4047, 4048, 4051, 4052, 4055, 4056, 4059, 4068, 4069, 4070, 4071, 4072, 4073, 4074, 4075, 4078, 4079, 4083, 4084, 4088, 4089, 4093, 4095, 4097], "excluded_lines": [], "start_line": 3999}, "APRSManager.clear_database": {"executed_lines": [4105, 4106, 4108, 4109, 4110, 4111, 4112, 4114], "summary": {"covered_lines": 8, "num_statements": 8, "percent_covered": 100.0, "percent_covered_display": "100.00", "missing_lines": 0, "excluded_lines": 0, "percent_statements_covered": 100.0, "percent_statements_covered_display": "100.00"}, "missing_lines": [], "excluded_lines": [], "start_line": 4099}, "APRSManager.prune_database": {"executed_lines": [4125, 4128, 4129, 4130, 4131, 4133, 4134, 4136, 4138, 4142, 4143, 4148, 4151, 4153], "summary": {"covered_lines": 14, "num_statements": 16, "percent_covered": 87.5, "percent_covered_display": "87.50", "missing_lines": 2, "excluded_lines": 0, "percent_statements_covered": 87.5, "percent_statements_covered_display": "87.50"}, "missing_lines": [4137, 4139], "excluded_lines": [], "start_line": 4116}, "": {"executed_lines": [6, 7, 8, 9, 10, 11, 12, 13, 14, 15, 16, 18, 19, 20, 23, 24, 25, 26, 31, 34, 35, 38, 39, 40, 41, 42, 43, 44, 45, 46, 49, 50, 53, 56, 57, 60, 61, 62, 63, 64, 65, 66, 67, 68, 69, 72, 73, 76, 77, 78, 79, 80, 81, 82, 83, 84, 85, 86, 87, 88, 89, 90, 91, 94, 95, 98, 99, 100, 103, 104, 107, 108, 109, 110, 111, 114, 115, 118, 119, 120, 123, 124, 129, 130, 135, 138, 139, 144, 145, 148, 151, 154, 157, 160, 165, 168, 172, 176, 180, 186, 216, 248, 363, 403, 406, 457, 465, 491, 714, 984, 1009, 1053, 1115, 1203, 1250, 1518, 1837, 1987, 2061, 2149, 2161, 2174, 2185, 2224, 2283, 2291, 2330, 2343, 2356, 2371, 2421, 2523, 2549, 2574, 2616, 2617, 2657, 2658, 2768, 2769, 2800, 2927, 3075, 3193, 3239, 3343, 3427, 3435, 3456, 3457, 3493, 3557, 3587, 3598, 3685, 3723, 3914, 3999, 4099, 4116], "summary": {"covered_lines": 160, "num_statements": 160, "percent_covered": 100.0, "percent_covered_display": "100.00", "missing_lines": 0, "excluded_lines": 0, "percent_statements_covered": 100.0, "percent_statements_covered_display": "100.00"}, "missing_lines": [], "excluded_lines": [], "start_line": 1}}, "classes": {"APRSMessage": {"executed_lines": [], "summary": {"covered_lines": 0, "num_statements": 0, "percent_covered": 100.0, "percent_covered_display": "100.00", "missing_lines": 0, "excluded_lines": 0, "percent_statements_covered": 100.0, "percent_statements_covered_display": "100.00"}, "missing_lines": [], "excluded_lines": [], "start_line": 35}, "APRSPosition": {"executed_lines": [], "summary": {"covered_lines": 0, "num_statements": 0, "percent_covered": 100.0, "percent_covered_display": "100.00", "missing_lines": 0, "excluded_lines": 0, "percent_statements_covered": 100.0, "percent_statements_covered_display": "100.00"}, "missing_lines": [], "excluded_lines": [], "start_line": 57}, "APRSWeather": {"executed_lines": [], "summary": {"covered_lines": 0, "num_statements": 0, "percent_covered": 100.0, "percent_covered_display": "100.00", "missing_lines": 0, "excluded_lines": 0, "percent_statements_covered": 100.0, "percent_statements_covered_display": "100.00"}, "missing_lines": [], "excluded_lines": [], "start_line": 73}, "APRSStatus": {"executed_lines": [], "summary": {"covered_lines": 0, "num_statements": 0, "percent_covered": 100.0, "percent_covered_display": "100.00", "missing_lines": 0, "excluded_lines": 0, "percent_statements_covered": 100.0, "percent_statements_covered_display": "100.00"}, "missing_lines": [], "excluded_lines": [], "start_line": 95}, "APRSTelemetry": {"executed_lines": [], "summary": {"covered_lines": 0, "num_statements": 0, "percent_covered": 100.0, "percent_covered_display": "100.00", "missing_lines": 0, "excluded_lines": 0, "percent_statements_covered": 100.0, "percent_statements_covered_display": "100.00"}, "missing_lines": [], "excluded_lines": [], "start_line": 104}, "APRSStation": {"executed_lines": [], "summary": {"covered_lines": 0, "num_statements": 0, "percent_covered": 100.0, "percent_covered_display": "100.00", "missing_lines": 0, "excluded_lines": 0, "percent_statements_covered": 100.0, "percent_statements_covered_display": "100.00"}, "missing_lines": [], "excluded_lines": [], "start_line": 115}, "APRSManager": {"executed_lines": [416, 418, 421, 422, 423, 426, 427, 430, 433, 436, 442, 445, 448, 451, 452, 455, 463, 472, 473, 476, 479, 483, 486, 487, 489, 501, 503, 504, 511, 516, 520, 527, 528, 547, 548, 549, 563, 564, 565, 566, 580, 581, 582, 600, 601, 602, 603, 621, 622, 623, 630, 631, 632, 641, 642, 643, 644, 654, 657, 658, 673, 677, 679, 681, 682, 685, 697, 723, 726, 727, 728, 729, 730, 731, 732, 737, 746, 748, 749, 751, 752, 753, 754, 757, 759, 782, 783, 784, 799, 802, 803, 804, 822, 823, 831, 834, 835, 836, 837, 855, 856, 861, 862, 865, 866, 867, 868, 880, 881, 884, 885, 886, 895, 896, 897, 908, 909, 910, 911, 920, 921, 924, 927, 929, 930, 938, 953, 955, 961, 962, 964, 965, 966, 967, 970, 973, 993, 994, 996, 1002, 1007, 1026, 1027, 1029, 1032, 1037, 1041, 1043, 1047, 1050, 1051, 1068, 1069, 1072, 1073, 1076, 1077, 1085, 1088, 1091, 1092, 1093, 1094, 1103, 1104, 1105, 1111, 1112, 1113, 1136, 1137, 1139, 1140, 1148, 1151, 1152, 1155, 1156, 1159, 1163, 1164, 1165, 1166, 1169, 1174, 1176, 1179, 1180, 1181, 1185, 1186, 1187, 1190, 1201, 1217, 1218, 1220, 1222, 1225, 1226, 1229, 1233, 1234, 1237, 1239, 1244, 1275, 1276, 1279, 1280, 1283, 1284, 1291, 1296, 1301, 1302, 1303, 1305, 1306, 1307, 1308, 1309, 1312, 1313, 1314, 1323, 1327, 1329, 1330, 1331, 1335, 1339, 1340, 1341, 1344, 1345, 1348, 1349, 1352, 1359, 1360, 1361, 1364, 1365, 1373, 1377, 1387, 1393, 1414, 1415, 1416, 1417, 1418, 1426, 1436, 1444, 1447, 1448, 1451, 1458, 1460, 1467, 1470, 1479, 1492, 1495, 1496, 1497, 1499, 1502, 1504, 1510, 1541, 1542, 1544, 1549, 1552, 1553, 1557, 1559, 1560, 1567, 1569, 1575, 1576, 1577, 1578, 1579, 1580, 1581, 1585, 1587, 1590, 1593, 1597, 1601, 1603, 1606, 1609, 1611, 1612, 1614, 1620, 1623, 1624, 1625, 1626, 1632, 1633, 1639, 1640, 1641, 1645, 1647, 1653, 1659, 1661, 1730, 1740, 1743, 1746, 1747, 1749, 1752, 1755, 1756, 1757, 1758, 1760, 1765, 1767, 1768, 1810, 1811, 1812, 1818, 1820, 1863, 1864, 1866, 1867, 1874, 1885, 1886, 1888, 1899, 1900, 1905, 1906, 1907, 1908, 1911, 1912, 1913, 1917, 1918, 1919, 1922, 1924, 1927, 1928, 1929, 1932, 1933, 1934, 1937, 1938, 1939, 1942, 1943, 1944, 1945, 1950, 1951, 1952, 1955, 1958, 1960, 1972, 1975, 1976, 1977, 1980, 1982, 2001, 2002, 2005, 2025, 2028, 2031, 2032, 2033, 2035, 2036, 2039, 2040, 2059, 2076, 2089, 2090, 2093, 2096, 2099, 2100, 2102, 2103, 2106, 2107, 2108, 2143, 2147, 2155, 2167, 2168, 2172, 2180, 2181, 2182, 2183, 2198, 2199, 2213, 2218, 2219, 2222, 2242, 2243, 2245, 2251, 2258, 2281, 2289, 2308, 2309, 2311, 2312, 2320, 2323, 2325, 2326, 2328, 2336, 2337, 2352, 2353, 2354, 2367, 2368, 2369, 2380, 2382, 2383, 2384, 2386, 2394, 2396, 2404, 2406, 2414, 2416, 2439, 2440, 2441, 2443, 2446, 2450, 2451, 2453, 2455, 2456, 2458, 2459, 2460, 2461, 2462, 2464, 2466, 2469, 2470, 2471, 2474, 2475, 2476, 2486, 2489, 2490, 2491, 2497, 2500, 2504, 2512, 2514, 2533, 2535, 2538, 2540, 2541, 2542, 2545, 2546, 2547, 2558, 2583, 2584, 2586, 2588, 2590, 2608, 2609, 2611, 2612, 2614, 2628, 2629, 2632, 2633, 2636, 2637, 2642, 2643, 2646, 2655, 2678, 2679, 2681, 2687, 2690, 2691, 2693, 2696, 2697, 2700, 2701, 2704, 2705, 2706, 2707, 2710, 2711, 2712, 2715, 2716, 2718, 2721, 2722, 2725, 2726, 2729, 2730, 2731, 2732, 2735, 2750, 2753, 2754, 2755, 2756, 2757, 2758, 2759, 2760, 2761, 2766, 2779, 2783, 2786, 2787, 2790, 2793, 2796, 2798, 2832, 2833, 2837, 2838, 2839, 2840, 2848, 2850, 2851, 2852, 2853, 2855, 2856, 2858, 2859, 2861, 2867, 2868, 2871, 2875, 2880, 2883, 2886, 2887, 2896, 2909, 2912, 2913, 2914, 2916, 2919, 2921, 2957, 2958, 2960, 2962, 2963, 2964, 2966, 2971, 2973, 2975, 2977, 2978, 2979, 2982, 2983, 2989, 2990, 2993, 2994, 2997, 2998, 2999, 3000, 3001, 3002, 3003, 3008, 3009, 3010, 3011, 3012, 3013, 3014, 3019, 3024, 3027, 3035, 3036, 3045, 3058, 3061, 3062, 3063, 3065, 3068, 3070, 3097, 3098, 3100, 3102, 3105, 3106, 3108, 3112, 3113, 3116, 3119, 3120, 3122, 3126, 3127, 3130, 3131, 3134, 3135, 3136, 3137, 3138, 3139, 3145, 3146, 3147, 3148, 3149, 3150, 3151, 3156, 3161, 3164, 3176, 3179, 3182, 3183, 3186, 3188, 3213, 3214, 3215, 3218, 3220, 3224, 3231, 3232, 3234, 3260, 3261, 3265, 3266, 3267, 3268, 3269, 3271, 3275, 3276, 3281, 3284, 3288, 3289, 3290, 3291, 3294, 3295, 3296, 3297, 3298, 3299, 3302, 3303, 3304, 3305, 3306, 3307, 3312, 3317, 3320, 3332, 3335, 3336, 3338, 3366, 3367, 3368, 3371, 3374, 3377, 3381, 3382, 3383, 3389, 3390, 3391, 3392, 3393, 3394, 3395, 3400, 3401, 3405, 3414, 3415, 3418, 3419, 3422, 3433, 3444, 3469, 3470, 3474, 3476, 3478, 3480, 3482, 3484, 3486, 3489, 3491, 3507, 3510, 3511, 3514, 3515, 3516, 3517, 3518, 3519, 3521, 3539, 3540, 3541, 3542, 3543, 3544, 3545, 3547, 3548, 3551, 3552, 3553, 3555, 3566, 3568, 3569, 3571, 3576, 3578, 3581, 3596, 3629, 3633, 3634, 3635, 3638, 3639, 3641, 3642, 3645, 3646, 3647, 3656, 3657, 3658, 3663, 3666, 3673, 3674, 3680, 3681, 3683, 3695, 3702, 3712, 3714, 3733, 3734, 3735, 3737, 3740, 3743, 3744, 3747, 3748, 3749, 3750, 3751, 3752, 3753, 3755, 3756, 3760, 3763, 3765, 3766, 3769, 3770, 3771, 3772, 3773, 3774, 3775, 3776, 3777, 3778, 3802, 3804, 3806, 3808, 3810, 3815, 3822, 3830, 3838, 3839, 3840, 3841, 3842, 3845, 3846, 3847, 3849, 3851, 3852, 3855, 3856, 3857, 3858, 3859, 3862, 3864, 3865, 3868, 3885, 3886, 3889, 3890, 3891, 3892, 3895, 3896, 3899, 3908, 3909, 3912, 4105, 4106, 4108, 4109, 4110, 4111, 4112, 4114, 4125, 4128, 4129, 4130, 4131, 4133, 4134, 4136, 4138, 4142, 4143, 4148, 4151, 4153], "summary": {"covered_lines": 917, "num_statements": 1349, "percent_covered": 67.97627872498147, "percent_covered_display": "67.98", "missing_lines": 432, "excluded_lines": 0, "percent_statements_covered": 67.97627872498147, "percent_statements_covered_display": "67.98"}, "missing_lines": [477, 478, 480, 481, 505, 506, 507, 508, 509, 512, 513, 517, 518, 687, 689, 690, 691, 692, 693, 694, 699, 700, 701, 702, 703, 704, 705, 706, 707, 709, 710, 711, 712, 733, 734, 735, 738, 739, 740, 741, 742, 743, 744, 825, 826, 827, 828, 857, 858, 859, 931, 932, 935, 936, 958, 977, 979, 980, 981, 982, 1038, 1097, 1098, 1099, 1106, 1107, 1160, 1188, 1189, 1192, 1193, 1197, 1198, 1199, 1227, 1235, 1246, 1247, 1248, 1281, 1297, 1310, 1311, 1315, 1317, 1318, 1320, 1324, 1336, 1350, 1384, 1395, 1397, 1398, 1402, 1403, 1404, 1406, 1408, 1419, 1420, 1431, 1432, 1441, 1455, 1471, 1476, 1498, 1512, 1513, 1514, 1515, 1516, 1561, 1565, 1613, 1648, 1665, 1667, 1673, 1674, 1675, 1680, 1681, 1682, 1686, 1688, 1689, 1696, 1702, 1703, 1704, 1711, 1713, 1714, 1715, 1719, 1721, 1722, 1727, 1770, 1771, 1776, 1777, 1781, 1782, 1784, 1785, 1789, 1794, 1795, 1797, 1799, 1801, 1803, 1804, 1808, 1822, 1826, 1828, 1832, 1834, 1835, 1889, 1901, 1902, 1923, 1963, 1966, 1968, 1984, 1985, 2007, 2008, 2010, 2011, 2012, 2013, 2014, 2016, 2017, 2018, 2019, 2021, 2022, 2042, 2044, 2047, 2048, 2052, 2055, 2056, 2078, 2079, 2080, 2081, 2082, 2084, 2085, 2087, 2110, 2111, 2112, 2113, 2115, 2119, 2122, 2123, 2124, 2127, 2128, 2129, 2131, 2135, 2138, 2139, 2140, 2144, 2169, 2170, 2171, 2268, 2271, 2273, 2276, 2278, 2279, 2419, 2447, 2487, 2488, 2493, 2494, 2682, 2688, 2694, 2702, 2713, 2719, 2727, 2736, 2737, 2738, 2740, 2741, 2743, 2744, 2746, 2747, 2751, 2752, 2762, 2763, 2764, 2780, 2834, 2854, 2862, 2872, 2876, 2888, 2889, 2890, 2891, 2892, 2893, 2894, 2915, 2923, 2925, 3004, 3005, 3015, 3016, 3028, 3032, 3037, 3038, 3039, 3040, 3041, 3042, 3043, 3064, 3072, 3073, 3103, 3109, 3117, 3123, 3140, 3141, 3142, 3152, 3153, 3190, 3191, 3221, 3236, 3237, 3262, 3272, 3277, 3285, 3300, 3308, 3309, 3340, 3341, 3378, 3384, 3385, 3386, 3396, 3397, 3402, 3420, 3424, 3425, 3508, 3736, 3754, 3757, 3758, 3759, 3779, 3780, 3781, 3799, 3800, 3801, 3803, 3805, 3807, 3809, 3816, 3817, 3826, 3827, 3834, 3835, 3869, 3870, 3871, 3872, 3875, 3876, 3879, 3880, 3883, 3910, 3926, 3927, 3930, 3936, 3937, 3940, 3943, 3944, 3946, 3947, 3948, 3951, 3952, 3955, 3956, 3960, 3963, 3964, 3965, 3966, 3967, 3968, 3970, 3971, 3972, 3974, 3976, 3979, 3980, 3981, 3982, 3983, 3984, 3985, 3987, 3989, 3992, 3993, 3994, 3995, 3997, 4010, 4011, 4014, 4020, 4021, 4024, 4034, 4037, 4039, 4040, 4041, 4042, 4043, 4046, 4047, 4048, 4051, 4052, 4055, 4056, 4059, 4068, 4069, 4070, 4071, 4072, 4073, 4074, 4075, 4078, 4079, 4083, 4084, 4088, 4089, 4093, 4095, 4097, 4137, 4139], "excluded_lines": [], "start_line": 403}, "": {"executed_lines": [6, 7, 8, 9, 10, 11, 12, 13, 14, 15, 16, 18, 19, 20, 23, 24, 25, 26, 31, 34, 35, 38, 39, 40, 41, 42, 43, 44, 45, 46, 49, 50, 53, 56, 57, 60, 61, 62, 63, 64, 65, 66, 67, 68, 69, 72, 73, 76, 77, 78, 79, 80, 81, 82, 83, 84, 85, 86, 87, 88, 89, 90, 91, 94, 95, 98, 99, 100, 103, 104, 107, 108, 109, 110, 111, 114, 115, 118, 119, 120, 123, 124, 129, 130, 135, 138, 139, 144, 145, 148, 151, 154, 157, 160, 165, 168, 172, 176, 180, 186, 216, 231, 232, 235, 236, 237, 238, 242, 243, 245, 248, 271, 272, 273, 274, 277, 280, 281, 282, 283, 285, 288, 291, 299, 300, 301, 302, 303, 304, 305, 306, 307, 310, 311, 317, 318, 330, 331, 332, 333, 334, 335, 342, 346, 347, 350, 351, 352, 355, 356, 357, 358, 360, 363, 403, 406, 457, 465, 491, 714, 984, 1009, 1053, 1115, 1203, 1250, 1518, 1837, 1987, 2061, 2149, 2161, 2174, 2185, 2224, 2283, 2291, 2330, 2343, 2356, 2371, 2421, 2523, 2549, 2574, 2616, 2617, 2657, 2658, 2768, 2769, 2800, 2927, 3075, 3193, 3239, 3343, 3427, 3435, 3456, 3457, 3493, 3557, 3587, 3598, 3685, 3723, 3914, 3999, 4099, 4116], "summary": {"covered_lines": 211, "num_statements": 232, "percent_covered": 90.94827586206897, "percent_covered_display": "90.95", "missing_lines": 21, "excluded_lines": 0, "percent_statements_covered": 90.94827586206897, "percent_statements_covered_display": "90.95"}, "missing_lines": [320, 326, 327, 336, 337, 338, 339, 343, 377, 378, 380, 381, 382, 384, 387, 390, 391, 394, 397, 398, 400], "excluded_lines": [], "start_line": 1}}}, "src/ax25_adapter.py": {"executed_lines": [12, 13, 14, 16, 27, 30, 31, 32, 35, 37, 45, 46, 50, 51, 52, 53, 55, 58, 63, 64, 67, 69, 70, 71, 72, 73, 74, 75, 76, 77, 78, 82, 85, 93, 95, 98, 99, 100, 101, 102, 103, 104, 105, 107, 109, 111, 112, 113, 114, 117, 118, 119, 120, 123, 126, 127, 129, 131, 133, 135, 137, 138, 139, 144, 149, 151, 152, 158, 159, 161, 162, 163, 164, 165, 167, 172, 173, 174, 175, 178, 179, 180, 183, 184, 185, 187, 189, 190, 193, 194, 195, 196, 197, 198, 200, 201, 202, 205, 206, 207, 212, 213, 214, 215, 216, 217, 220, 226, 227, 229, 247, 248, 249, 250, 251, 252, 258, 259, 260, 261, 263, 266, 267, 270, 271, 273, 274, 275, 280, 285, 286, 287, 293, 294, 298, 299, 300, 301, 305, 306, 307, 308, 312, 313, 315, 316, 317, 322, 323, 325, 326, 327, 328, 333, 334, 338, 343, 344, 345, 347, 354, 355, 361, 386, 387, 388, 393, 394, 395, 396, 399, 403, 404, 408, 409, 410, 414, 415, 417, 418, 420, 421, 422, 423, 425, 426, 430, 431, 432, 436, 439, 441, 443, 444, 447, 448, 452, 462, 463, 464, 465, 466, 470, 476, 477, 478, 479, 480, 481, 482, 484, 486, 489, 490, 491, 492, 498, 499, 503, 505, 506, 507, 508, 509, 514, 516, 517, 518, 519, 523, 525, 526, 527, 528, 529, 535, 542, 544, 545, 546, 548, 549, 550, 551, 552, 557, 558, 563, 564, 568, 570, 571, 584, 585, 586, 587, 592, 593, 594, 595, 597, 598, 602, 603, 608, 609, 611, 612, 614, 615, 617, 623, 624, 627, 630, 631, 632, 636, 637, 638, 639, 640, 641, 642, 648, 649, 654, 656, 657, 661, 665, 666, 669, 672, 676, 681, 682, 684, 685, 686, 688, 689, 690, 691, 701, 702, 703, 707, 718, 719, 720, 724, 726, 727, 728, 729, 733, 737, 739, 740, 741, 745, 748, 749, 753, 754, 758, 760, 761, 762, 763, 764, 766, 767, 773, 774, 775, 779, 781, 790, 791, 792, 793, 794, 798, 801, 802, 803, 809, 810, 811, 817, 818, 819, 823, 826, 827, 828, 830, 836, 837, 838, 839, 847, 848, 849, 850, 851, 855, 856, 859, 860, 861, 862, 863, 864, 869, 870, 879, 881, 882, 883, 887, 890, 891, 895, 896, 900, 903, 904, 905, 907, 908, 915, 919, 920, 925, 926, 927, 932, 937, 938, 939, 940, 945, 946, 951, 952, 953, 956, 957, 961, 966, 967, 987, 988, 992, 993, 994, 1000, 1001, 1006, 1009, 1011, 1015, 1016, 1017, 1024, 1029, 1032, 1033, 1038, 1039, 1044, 1045, 1046, 1049, 1054, 1059, 1060, 1080, 1081, 1085, 1089, 1091, 1095, 1096, 1097, 1099, 1104, 1107, 1108, 1113, 1114, 1115, 1120, 1121, 1122, 1127, 1128, 1129, 1131, 1132, 1135, 1144, 1145, 1146, 1153, 1154, 1156, 1157, 1158, 1164, 1165, 1172, 1173, 1174, 1175, 1176, 1180, 1186, 1187, 1214, 1215, 1216, 1223, 1224, 1225, 1226, 1228, 1229, 1230, 1231, 1233, 1234, 1235, 1236, 1332, 1333], "summary": {"covered_lines": 499, "num_statements": 675, "percent_covered": 73.92592592592592, "percent_covered_display": "73.93", "missing_lines": 176, "excluded_lines": 0, "percent_statements_covered": 73.92592592592592, "percent_statements_covered_display": "73.93"}, "missing_lines": [47, 48, 79, 80, 176, 177, 181, 182, 199, 208, 209, 288, 289, 290, 302, 303, 330, 358, 362, 363, 365, 367, 368, 374, 375, 376, 379, 381, 382, 411, 412, 413, 427, 428, 429, 433, 434, 440, 467, 468, 493, 494, 495, 496, 500, 501, 538, 539, 555, 556, 577, 578, 604, 605, 606, 618, 619, 620, 621, 622, 625, 626, 643, 644, 645, 646, 647, 650, 651, 683, 687, 695, 712, 867, 868, 873, 874, 875, 876, 963, 970, 971, 972, 976, 977, 978, 981, 982, 984, 985, 986, 1002, 1050, 1056, 1063, 1064, 1065, 1069, 1070, 1071, 1074, 1075, 1077, 1078, 1079, 1116, 1123, 1124, 1183, 1188, 1189, 1190, 1195, 1196, 1197, 1200, 1201, 1202, 1203, 1208, 1209, 1210, 1211, 1212, 1213, 1219, 1220, 1237, 1238, 1239, 1243, 1247, 1248, 1249, 1253, 1255, 1256, 1257, 1262, 1263, 1264, 1268, 1269, 1271, 1275, 1276, 1277, 1278, 1279, 1281, 1288, 1291, 1292, 1295, 1296, 1297, 1302, 1303, 1304, 1309, 1310, 1311, 1312, 1317, 1318, 1319, 1320, 1321, 1324, 1325, 1326, 1327, 1328, 1329, 1334, 1335], "excluded_lines": [], "functions": {"parse_ax25_frame": {"executed_lines": [37, 45, 46, 50, 51, 52, 53, 55, 58, 63, 64, 67, 69, 70, 71, 72, 73, 74, 75, 76, 77, 78, 82], "summary": {"covered_lines": 23, "num_statements": 27, "percent_covered": 85.18518518518519, "percent_covered_display": "85.19", "missing_lines": 4, "excluded_lines": 0, "percent_statements_covered": 85.18518518518519, "percent_statements_covered_display": "85.19"}, "missing_lines": [47, 48, 79, 80], "excluded_lines": [], "start_line": 35}, "build_ui_kiss_frame": {"executed_lines": [93, 95], "summary": {"covered_lines": 2, "num_statements": 2, "percent_covered": 100.0, "percent_covered_display": "100.00", "missing_lines": 0, "excluded_lines": 0, "percent_statements_covered": 100.0, "percent_statements_covered_display": "100.00"}, "missing_lines": [], "excluded_lines": [], "start_line": 85}, "AX25Adapter.__init__": {"executed_lines": [100, 101, 102, 103, 104, 105, 107, 109, 111, 112, 113, 114, 117, 118, 119, 120, 123, 126, 127, 129, 131, 133], "summary": {"covered_lines": 22, "num_statements": 22, "percent_covered": 100.0, "percent_covered_display": "100.00", "missing_lines": 0, "excluded_lines": 0, "percent_statements_covered": 100.0, "percent_statements_covered_display": "100.00"}, "missing_lines": [], "excluded_lines": [], "start_line": 99}, "AX25Adapter.register_callback": {"executed_lines": [137, 138, 139], "summary": {"covered_lines": 3, "num_statements": 3, "percent_covered": 100.0, "percent_covered_display": "100.00", "missing_lines": 0, "excluded_lines": 0, "percent_statements_covered": 100.0, "percent_statements_covered_display": "100.00"}, "missing_lines": [], "excluded_lines": [], "start_line": 135}, "AX25Adapter.register_frame_debug": {"executed_lines": [149], "summary": {"covered_lines": 1, "num_statements": 1, "percent_covered": 100.0, "percent_covered_display": "100.00", "missing_lines": 0, "excluded_lines": 0, "percent_statements_covered": 100.0, "percent_statements_covered_display": "100.00"}, "missing_lines": [], "excluded_lines": [], "start_line": 144}, "AX25Adapter.txdelay": {"executed_lines": [158, 159, 161, 162, 163, 164, 165], "summary": {"covered_lines": 7, "num_statements": 7, "percent_covered": 100.0, "percent_covered_display": "100.00", "missing_lines": 0, "excluded_lines": 0, "percent_statements_covered": 100.0, "percent_statements_covered_display": "100.00"}, "missing_lines": [], "excluded_lines": [], "start_line": 152}, "AX25Adapter.init_ax25": {"executed_lines": [172, 173, 174, 175, 178, 179, 180, 183, 184, 185], "summary": {"covered_lines": 10, "num_statements": 14, "percent_covered": 71.42857142857143, "percent_covered_display": "71.43", "missing_lines": 4, "excluded_lines": 0, "percent_statements_covered": 71.42857142857143, "percent_statements_covered_display": "71.43"}, "missing_lines": [176, 177, 181, 182], "excluded_lines": [], "start_line": 167}, "AX25Adapter.close_ax25": {"executed_lines": [189, 190, 193, 194, 195, 196, 197, 198, 200, 201, 202, 205, 206, 207, 212, 213, 214, 215, 216, 217, 220, 226, 227], "summary": {"covered_lines": 23, "num_statements": 26, "percent_covered": 88.46153846153847, "percent_covered_display": "88.46", "missing_lines": 3, "excluded_lines": 0, "percent_statements_covered": 88.46153846153847, "percent_statements_covered_display": "88.46"}, "missing_lines": [199, 208, 209], "excluded_lines": [], "start_line": 187}, "AX25Adapter.connect": {"executed_lines": [247, 248, 249, 250, 251, 252, 258, 259, 260, 261, 263, 266, 267, 270, 271, 273, 274, 275, 280, 285, 286, 287, 293, 294, 298, 299, 300, 301, 305, 306, 307, 308, 312, 313, 315, 316, 317, 322, 323, 325, 326, 327, 328, 333, 334, 338, 343, 344, 345], "summary": {"covered_lines": 49, "num_statements": 55, "percent_covered": 89.0909090909091, "percent_covered_display": "89.09", "missing_lines": 6, "excluded_lines": 0, "percent_statements_covered": 89.0909090909091, "percent_statements_covered_display": "89.09"}, "missing_lines": [288, 289, 290, 302, 303, 330], "excluded_lines": [], "start_line": 229}, "AX25Adapter._cycle_squelch_workaround": {"executed_lines": [354, 355, 361, 386, 387, 388], "summary": {"covered_lines": 6, "num_statements": 18, "percent_covered": 33.333333333333336, "percent_covered_display": "33.33", "missing_lines": 12, "excluded_lines": 0, "percent_statements_covered": 33.333333333333336, "percent_statements_covered_display": "33.33"}, "missing_lines": [358, 362, 363, 365, 367, 368, 374, 375, 376, 379, 381, 382], "excluded_lines": [], "start_line": 347}, "AX25Adapter.disconnect": {"executed_lines": [394, 395, 396, 399, 403, 404, 408, 409, 410, 414, 415, 417, 418, 420, 421, 422, 423, 425, 426, 430, 431, 432], "summary": {"covered_lines": 22, "num_statements": 30, "percent_covered": 73.33333333333333, "percent_covered_display": "73.33", "missing_lines": 8, "excluded_lines": 0, "percent_statements_covered": 73.33333333333333, "percent_statements_covered_display": "73.33"}, "missing_lines": [411, 412, 413, 427, 428, 429, 433, 434], "excluded_lines": [], "start_line": 393}, "AX25Adapter.send_info": {"executed_lines": [439, 441, 443, 444, 447, 448, 452, 462, 463, 464, 465, 466, 470, 476, 477, 478, 479, 480, 481, 482], "summary": {"covered_lines": 20, "num_statements": 23, "percent_covered": 86.95652173913044, "percent_covered_display": "86.96", "missing_lines": 3, "excluded_lines": 0, "percent_statements_covered": 8
[...]
, "percent_statements_covered": 13.294797687861271, "percent_statements_covered_display": "13.29"}, "missing_lines": [32, 33, 34, 46, 47, 49, 71, 72, 75, 76, 77, 79, 109, 137, 138, 139, 142, 144, 145, 147, 148, 149, 150, 151, 153, 176, 177, 178, 179, 180, 182, 198, 199, 200, 201, 202, 210, 213, 216, 217, 218, 219, 220, 221, 223, 225, 232, 236, 238, 239, 241, 242, 243, 244, 245, 246, 248, 266, 267, 268, 269, 271, 272, 274, 275, 278, 281, 282, 283, 284, 285, 286, 288, 290, 291, 292, 294, 295, 298, 299, 302, 303, 305, 313, 316, 319, 320, 321, 322, 327, 329, 343, 345, 346, 352, 353, 354, 355, 357, 359, 360, 365, 373, 375, 376, 377, 380, 382, 398, 399, 400, 402, 403, 404, 405, 406, 409, 412, 413, 419, 422, 423, 425, 433, 435, 453, 455, 462, 464, 465, 466, 468, 476, 477, 480, 481, 482, 483, 485, 486, 499, 500, 501, 502, 503, 504, 511, 512, 514, 525], "excluded_lines": [], "functions": {"serialize_datetime": {"executed_lines": [], "summary": {"covered_lines": 0, "num_statements": 3, "percent_covered": 0.0, "percent_covered_display": "0.00", "missing_lines": 3, "excluded_lines": 0, "percent_statements_covered": 0.0, "percent_statements_covered_display": "0.00"}, "missing_lines": [32, 33, 34], "excluded_lines": [], "start_line": 23}, "serialize_position": {"executed_lines": [], "summary": {"covered_lines": 0, "num_statements": 3, "percent_covered": 0.0, "percent_covered_display": "0.00", "missing_lines": 3, "excluded_lines": 0, "percent_statements_covered": 0.0, "percent_statements_covered_display": "0.00"}, "missing_lines": [46, 47, 49], "excluded_lines": [], "start_line": 37}, "serialize_weather": {"executed_lines": [], "summary": {"covered_lines": 0, "num_statements": 6, "percent_covered": 0.0, "percent_covered_display": "0.00", "missing_lines": 6, "excluded_lines": 0, "percent_statements_covered": 0.0, "percent_statements_covered_display": "0.00"}, "missing_lines": [71, 72, 75, 76, 77, 79], "excluded_lines": [], "start_line": 62}, "serialize_message": {"executed_lines": [], "summary": {"covered_lines": 0, "num_statements": 1, "percent_covered": 0.0, "percent_covered_display": "0.00", "missing_lines": 1, "excluded_lines": 0, "percent_statements_covered": 0.0, "percent_statements_covered_display": "0.00"}, "missing_lines": [109], "excluded_lines": [], "start_line": 100}, "serialize_station": {"executed_lines": [], "summary": {"covered_lines": 0, "num_statements": 18, "percent_covered": 0.0, "percent_covered_display": "0.00", "missing_lines": 18, "excluded_lines": 0, "percent_statements_covered": 0.0, "percent_statements_covered_display": "0.00"}, "missing_lines": [137, 138, 139, 142, 144, 145, 147, 148, 149, 150, 151, 153, 176, 177, 178, 179, 180, 182], "excluded_lines": [], "start_line": 125}, "APIHandlers.__init__": {"executed_lines": [], "summary": {"covered_lines": 0, "num_statements": 5, "percent_covered": 0.0, "percent_covered_display": "0.00", "missing_lines": 5, "excluded_lines": 0, "percent_statements_covered": 0.0, "percent_statements_covered_display": "0.00"}, "missing_lines": [198, 199, 200, 201, 202], "excluded_lines": [], "start_line": 188}, "APIHandlers.handle_get_stations": {"executed_lines": [], "summary": {"covered_lines": 0, "num_statements": 10, "percent_covered": 0.0, "percent_covered_display": "0.00", "missing_lines": 10, "excluded_lines": 0, "percent_statements_covered": 0.0, "percent_statements_covered_display": "0.00"}, "missing_lines": [210, 213, 216, 217, 218, 219, 220, 221, 223, 225], "excluded_lines": [], "start_line": 204}, "APIHandlers.handle_get_station": {"executed_lines": [], "summary": {"covered_lines": 0, "num_statements": 11, "percent_covered": 0.0, "percent_covered_display": "0.00", "missing_lines": 11, "excluded_lines": 0, "percent_statements_covered": 0.0, "percent_statements_covered_display": "0.00"}, "missing_lines": [232, 236, 238, 239, 241, 242, 243, 244, 245, 246, 248], "excluded_lines": [], "start_line": 230}, "APIHandlers.handle_get_station_paths": {"executed_lines": [], "summary": {"covered_lines": 0, "num_statements": 26, "percent_covered": 0.0, "percent_covered_display": "0.00", "missing_lines": 26, "excluded_lines": 0, "percent_statements_covered": 0.0, "percent_statements_covered_display": "0.00"}, "missing_lines": [266, 267, 268, 269, 271, 272, 274, 275, 278, 281, 282, 283, 284, 285, 286, 288, 290, 291, 292, 294, 295, 298, 299, 302, 303, 305], "excluded_lines": [], "start_line": 250}, "APIHandlers.handle_get_weather": {"executed_lines": [], "summary": {"covered_lines": 0, "num_statements": 8, "percent_covered": 0.0, "percent_covered_display": "0.00", "missing_lines": 8, "excluded_lines": 0, "percent_statements_covered": 0.0, "percent_statements_covered_display": "0.00"}, "missing_lines": [313, 316, 319, 320, 321, 322, 327, 329], "excluded_lines": [], "start_line": 307}, "APIHandlers.handle_get_zambretti_forecast": {"executed_lines": [], "summary": {"covered_lines": 0, "num_statements": 11, "percent_covered": 0.0, "percent_covered_display": "0.00", "missing_lines": 11, "excluded_lines": 0, "percent_statements_covered": 0.0, "percent_statements_covered_display": "0.00"}, "missing_lines": [343, 345, 346, 352, 353, 354, 355, 357, 359, 360, 365], "excluded_lines": [], "start_line": 334}, "APIHandlers.handle_get_messages": {"executed_lines": [], "summary": {"covered_lines": 0, "num_statements": 6, "percent_covered": 0.0, "percent_covered_display": "0.00", "missing_lines": 6, "excluded_lines": 0, "percent_statements_covered": 0.0, "percent_statements_covered_display": "0.00"}, "missing_lines": [373, 375, 376, 377, 380, 382], "excluded_lines": [], "start_line": 367}, "APIHandlers.handle_get_monitored_messages": {"executed_lines": [], "summary": {"covered_lines": 0, "num_statements": 15, "percent_covered": 0.0, "percent_covered_display": "0.00", "missing_lines": 15, "excluded_lines": 0, "percent_statements_covered": 0.0, "percent_statements_covered_display": "0.00"}, "missing_lines": [398, 399, 400, 402, 403, 404, 405, 406, 409, 412, 413, 419, 422, 423, 425], "excluded_lines": [], "start_line": 388}, "APIHandlers.handle_get_status": {"executed_lines": [], "summary": {"covered_lines": 0, "num_statements": 2, "percent_covered": 0.0, "percent_covered_display": "0.00", "missing_lines": 2, "excluded_lines": 0, "percent_statements_covered": 0.0, "percent_statements_covered_display": "0.00"}, "missing_lines": [433, 435], "excluded_lines": [], "start_line": 431}, "APIHandlers.handle_get_digipeater_coverage": {"executed_lines": [], "summary": {"covered_lines": 0, "num_statements": 2, "percent_covered": 0.0, "percent_covered_display": "0.00", "missing_lines": 2, "excluded_lines": 0, "percent_statements_covered": 0.0, "percent_statements_covered_display": "0.00"}, "missing_lines": [453, 455], "excluded_lines": [], "start_line": 447}, "APIHandlers.handle_get_digipeater": {"executed_lines": [], "summary": {"covered_lines": 0, "num_statements": 5, "percent_covered": 0.0, "percent_covered_display": "0.00", "missing_lines": 5, "excluded_lines": 0, "percent_statements_covered": 0.0, "percent_statements_covered_display": "0.00"}, "missing_lines": [462, 464, 465, 466, 468], "excluded_lines": [], "start_line": 460}, "APIHandlers.handle_get_gps": {"executed_lines": [], "summary": {"covered_lines": 0, "num_statements": 17, "percent_covered": 0.0, "percent_covered_display": "0.00", "missing_lines": 17, "excluded_lines": 0, "percent_statements_covered": 0.0, "percent_statements_covered_display": "0.00"}, "missing_lines": [476, 477, 480, 481, 482, 483, 485, 486, 499, 500, 501, 502, 503, 504, 511, 512, 514], "excluded_lines": [], "start_line": 470}, "APIHandlers.handle_send_message": {"executed_lines": [], "summary": {"covered_lines": 0, "num_statements": 1, "percent_covered": 0.0, "percent_covered_display": "0.00", "missing_lines": 1, "excluded_lines": 0, "percent_statements_covered": 0.0, "percent_statements_covered_display": "0.00"}, "missing_lines": [525], "excluded_lines": [], "start_line": 520}, "": {"executed_lines": [7, 8, 10, 12, 23, 37, 62, 100, 125, 185, 188, 204, 230, 250, 307, 334, 367, 388, 431, 447, 460, 470, 520], "summary": {"covered_lines": 23, "num_statements": 23, "percent_covered": 100.0, "percent_covered_display": "100.00", "missing_lines": 0, "excluded_lines": 0, "percent_statements_covered": 100.0, "percent_statements_covered_display": "100.00"}, "missing_lines": [], "excluded_lines": [], "start_line": 1}}, "classes": {"APIHandlers": {"executed_lines": [], "summary": {"covered_lines": 0, "num_statements": 119, "percent_covered": 0.0, "percent_covered_display": "0.00", "missing_lines": 119, "excluded_lines": 0, "percent_statements_covered": 0.0, "percent_statements_covered_display": "0.00"}, "missing_lines": [198, 199, 200, 201, 202, 210, 213, 216, 217, 218, 219, 220, 221, 223, 225, 232, 236, 238, 239, 241, 242, 243, 244, 245, 246, 248, 266, 267, 268, 269, 271, 272, 274, 275, 278, 281, 282, 283, 284, 285, 286, 288, 290, 291, 292, 294, 295, 298, 299, 302, 303, 305, 313, 316, 319, 320, 321, 322, 327, 329, 343, 345, 346, 352, 353, 354, 355, 357, 359, 360, 365, 373, 375, 376, 377, 380, 382, 398, 399, 400, 402, 403, 404, 405, 406, 409, 412, 413, 419, 422, 423, 425, 433, 435, 453, 455, 462, 464, 465, 466, 468, 476, 477, 480, 481, 482, 483, 485, 486, 499, 500, 501, 502, 503, 504, 511, 512, 514, 525], "excluded_lines": [], "start_line": 185}, "": {"executed_lines": [7, 8, 10, 12, 23, 37, 62, 100, 125, 185, 188, 204, 230, 250, 307, 334, 367, 388, 431, 447, 460, 470, 520], "summary": {"covered_lines": 23, "num_statements": 54, "percent_covered": 42.592592592592595, "percent_covered_display": "42.59", "missing_lines": 31, "excluded_lines": 0, "percent_statements_covered": 42.592592592592595, "percent_statements_covered_display": "42.59"}, "missing_lines": [32, 33, 34, 46, 47, 49, 71, 72, 75, 76, 77, 79, 109, 137, 138, 139, 142, 144, 145, 147, 148, 149, 150, 151, 153, 176, 177, 178, 179, 180, 182], "excluded_lines": [], "start_line": 1}}}, "src/web_server.py": {"executed_lines": [6, 7, 8, 9, 10, 11, 12, 13, 14, 16, 17, 19, 20, 23, 26, 50, 123, 136, 147, 158, 169, 180, 233, 234, 288, 307, 342, 386, 405], "summary": {"covered_lines": 29, "num_statements": 244, "percent_covered": 11.885245901639344, "percent_covered_display": "11.89", "missing_lines": 215, "excluded_lines": 0, "percent_statements_covered": 11.885245901639344, "percent_statements_covered_display": "11.89"}, "missing_lines": [36, 37, 38, 39, 40, 41, 42, 43, 44, 45, 48, 60, 62, 64, 69, 75, 78, 79, 80, 81, 82, 85, 86, 87, 88, 89, 90, 91, 92, 93, 94, 95, 98, 99, 102, 103, 104, 105, 106, 107, 110, 112, 114, 116, 117, 118, 119, 120, 121, 126, 127, 128, 131, 132, 133, 134, 138, 139, 140, 142, 143, 145, 149, 150, 151, 153, 154, 156, 160, 161, 162, 164, 165, 167, 171, 172, 173, 175, 176, 178, 188, 189, 190, 191, 193, 196, 197, 199, 201, 204, 205, 206, 207, 209, 212, 214, 215, 216, 218, 219, 221, 223, 224, 225, 227, 229, 231, 246, 249, 250, 253, 254, 257, 258, 260, 261, 264, 266, 267, 269, 271, 272, 273, 275, 276, 278, 280, 281, 282, 284, 286, 295, 296, 298, 301, 302, 303, 304, 305, 309, 311, 312, 315, 316, 317, 318, 319, 320, 323, 324, 325, 326, 327, 328, 331, 332, 333, 334, 335, 336, 338, 339, 340, 344, 346, 351, 352, 353, 354, 355, 356, 357, 358, 359, 361, 362, 363, 366, 367, 369, 375, 376, 377, 378, 379, 380, 381, 382, 383, 384, 388, 390, 392, 393, 394, 395, 396, 397, 398, 399, 401, 402, 403, 408, 410, 411, 412, 413, 414, 415, 416, 417, 419, 420, 421], "excluded_lines": [], "functions": {"WebServer.__init__": {"executed_lines": [], "summary": {"covered_lines": 0, "num_statements": 11, "percent_covered": 0.0, "percent_covered_display": "0.00", "missing_lines": 11, "excluded_lines": 0, "percent_statements_covered": 0.0, "percent_statements_covered_display": "0.00"}, "missing_lines": [36, 37, 38, 39, 40, 41, 42, 43, 44, 45, 48], "excluded_lines": [], "start_line": 26}, "WebServer.start": {"executed_lines": [], "summary": {"covered_lines": 0, "num_statements": 38, "percent_covered": 0.0, "percent_covered_display": "0.00", "missing_lines": 38, "excluded_lines": 0, "percent_statements_covered": 0.0, "percent_statements_covered_display": "0.00"}, "missing_lines": [60, 62, 64, 69, 75, 78, 79, 80, 81, 82, 85, 86, 87, 88, 89, 90, 91, 92, 93, 94, 95, 98, 99, 102, 103, 104, 105, 106, 107, 110, 112, 114, 116, 117, 118, 119, 120, 121], "excluded_lines": [], "start_line": 50}, "WebServer.stop": {"executed_lines": [], "summary": {"covered_lines": 0, "num_statements": 7, "percent_covered": 0.0, "percent_covered_display": "0.00", "missing_lines": 7, "excluded_lines": 0, "percent_statements_covered": 0.0, "percent_statements_covered_display": "0.00"}, "missing_lines": [126, 127, 128, 131, 132, 133, 134], "excluded_lines": [], "start_line": 123}, "WebServer._handle_index": {"executed_lines": [], "summary": {"covered_lines": 0, "num_statements": 6, "percent_covered": 0.0, "percent_covered_display": "0.00", "missing_lines": 6, "excluded_lines": 0, "percent_statements_covered": 0.0, "percent_statements_covered_display": "0.00"}, "missing_lines": [138, 139, 140, 142, 143, 145], "excluded_lines": [], "start_line": 136}, "WebServer._handle_stations_list": {"executed_lines": [], "summary": {"covered_lines": 0, "num_statements": 6, "percent_covered": 0.0, "percent_covered_display": "0.00", "missing_lines": 6, "excluded_lines": 0, "percent_statements_covered": 0.0, "percent_statements_covered_display": "0.00"}, "missing_lines": [149, 150, 151, 153, 154, 156], "excluded_lines": [], "start_line": 147}, "WebServer._handle_station_detail": {"executed_lines": [], "summary": {"covered_lines": 0, "num_statements": 6, "percent_covered": 0.0, "percent_covered_display": "0.00", "missing_lines": 6, "excluded_lines": 0, "percent_statements_covered": 0.0, "percent_statements_covered_display": "0.00"}, "missing_lines": [160, 161, 162, 164, 165, 167], "excluded_lines": [], "start_line": 158}, "WebServer._handle_weather_map": {"executed_lines": [], "summary": {"covered_lines": 0, "num_statements": 6, "percent_covered": 0.0, "percent_covered_display": "0.00", "missing_lines": 6, "excluded_lines": 0, "percent_statements_covered": 0.0, "percent_statements_covered_display": "0.00"}, "missing_lines": [171, 172, 173, 175, 176, 178], "excluded_lines": [], "start_line": 169}, "WebServer._handle_sse": {"executed_lines": [], "summary": {"covered_lines": 0, "num_statements": 27, "percent_covered": 0.0, "percent_covered_display": "0.00", "missing_lines": 27, "excluded_lines": 0, "percent_statements_covered": 0.0, "percent_statements_covered_display": "0.00"}, "missing_lines": [188, 189, 190, 191, 193, 196, 197, 199, 201, 204, 205, 206, 207, 209, 212, 214, 215, 216, 218, 219, 221, 223, 224, 225, 227, 229, 231], "excluded_lines": [], "start_line": 180}, "WebServer._compression_middleware": {"executed_lines": [], "summary": {"covered_lines": 0, "num_statements": 24, "percent_covered": 0.0, "percent_covered_display": "0.00", "missing_lines": 24, "excluded_lines": 0, "percent_statements_covered": 0.0, "percent_statements_covered_display": "0.00"}, "missing_lines": [246, 249, 250, 253, 254, 257, 258, 260, 261, 264, 266, 267, 269, 271, 272, 273, 275, 276, 278, 280, 281, 282, 284, 286], "excluded_lines": [], "start_line": 234}, "WebServer.broadcast_event": {"executed_lines": [], "summary": {"covered_lines": 0, "num_statements": 8, "percent_covered": 0.0, "percent_covered_display": "0.00", "missing_lines": 8, "excluded_lines": 0, "percent_statements_covered": 0.0, "percent_statements_covered_display": "0.00"}, "missing_lines": [295, 296, 298, 301, 302, 303, 304, 305], "excluded_lines": [], "start_line": 288}, "WebServer._ensure_dependencies": {"executed_lines": [], "summary": {"covered_lines": 0, "num_statements": 24, "percent_covered": 0.0, "percent_covered_display": "0.00", "missing_lines": 24, "excluded_lines": 0, "percent_statements_covered": 0.0, "percent_statements_covered_display": "0.00"}, "missing_lines": [309, 311, 312, 315, 316, 317, 318, 319, 320, 323, 324, 325, 326, 327, 328, 331, 332, 333, 334, 335, 336, 338, 339, 340], "excluded_lines": [], "start_line": 307}, "WebServer._download_leaflet": {"executed_lines": [], "summary": {"covered_lines": 0, "num_statements": 27, "percent_covered": 0.0, "percent_covered_display": "0.00", "missing_lines": 27, "excluded_lines": 0, "percent_statements_covered": 0.0, "percent_statements_covered_display": "0.00"}, "missing_lines": [344, 346, 351, 352, 353, 354, 355, 356, 357, 358, 359, 361, 362, 363, 366, 367, 369, 375, 376, 377, 378, 379, 380, 381, 382, 383, 384], "excluded_lines": [], "start_line": 342}, "WebServer._download_chartjs": {"executed_lines": [], "summary": {"covered_lines": 0, "num_statements": 13, "percent_covered": 0.0, "percent_covered_display": "0.00", "missing_lines": 13, "excluded_lines": 0, "percent_statements_covered": 0.0, "percent_statements_covered_display": "0.00"}, "missing_lines": [388, 390, 392, 393, 394, 395, 396, 397, 398, 399, 401, 402, 403], "excluded_lines": [], "start_line": 386}, "WebServer._download_aprs_symbols": {"executed_lines": [], "summary": {"covered_lines": 0, "num_statements": 12, "percent_covered": 0.0, "percent_covered_display": "0.00", "missing_lines": 12, "excluded_lines": 0, "percent_statements_covered": 0.0, "percent_statements_covered_display": "0.00"}, "missing_lines": [408, 410, 411, 412, 413, 414, 415, 416, 417, 419, 420, 421], "excluded_lines": [], "start_line": 405}, "": {"executed_lines": [6, 7, 8, 9, 10, 11, 12, 13, 14, 16, 17, 19, 20, 23, 26, 50, 123, 136, 147, 158, 169, 180, 233, 234, 288, 307, 342, 386, 405], "summary": {"covered_lines": 29, "num_statements": 29, "percent_covered": 100.0, "percent_covered_display": "100.00", "missing_lines": 0, "excluded_lines": 0, "percent_statements_covered": 100.0, "percent_statements_covered_display": "100.00"}, "missing_lines": [], "excluded_lines": [], "start_line": 1}}, "classes": {"WebServer": {"executed_lines": [], "summary": {"covered_lines": 0, "num_statements": 215, "percent_covered": 0.0, "percent_covered_display": "0.00", "missing_lines": 215, "excluded_lines": 0, "percent_statements_covered": 0.0, "percent_statements_covered_display": "0.00"}, "missing_lines": [36, 37, 38, 39, 40, 41, 42, 43, 44, 45, 48, 60, 62, 64, 69, 75, 78, 79, 80, 81, 82, 85, 86, 87, 88, 89, 90, 91, 92, 93, 94, 95, 98, 99, 102, 103, 104, 105, 106, 107, 110, 112, 114, 116, 117, 118, 119, 120, 121, 126, 127, 128, 131, 132, 133, 134, 138, 139, 140, 142, 143, 145, 149, 150, 151, 153, 154, 156, 160, 161, 162, 164, 165, 167, 171, 172, 173, 175, 176, 178, 188, 189, 190, 191, 193, 196, 197, 199, 201, 204, 205, 206, 207, 209, 212, 214, 215, 216, 218, 219, 221, 223, 224, 225, 227, 229, 231, 246, 249, 250, 253, 254, 257, 258, 260, 261, 264, 266, 267, 269, 271, 272, 273, 275, 276, 278, 280, 281, 282, 284, 286, 295, 296, 298, 301, 302, 303, 304, 305, 309, 311, 312, 315, 316, 317, 318, 319, 320, 323, 324, 325, 326, 327, 328, 331, 332, 333, 334, 335, 336, 338, 339, 340, 344, 346, 351, 352, 353, 354, 355, 356, 357, 358, 359, 361, 362, 363, 366, 367, 369, 375, 376, 377, 378, 379, 380, 381, 382, 383, 384, 388, 390, 392, 393, 394, 395, 396, 397, 398, 399, 401, 402, 403, 408, 410, 411, 412, 413, 414, 415, 416, 417, 419, 420, 421], "excluded_lines": [], "start_line": 23}, "": {"executed_lines": [6, 7, 8, 9, 10, 11, 12, 13, 14, 16, 17, 19, 20, 23, 26, 50, 123, 136, 147, 158, 169, 180, 233, 234, 288, 307, 342, 386, 405], "summary": {"covered_lines": 29, "num_statements": 29, "percent_covered": 100.0, "percent_covered_display": "100.00", "missing_lines": 0, "excluded_lines": 0, "percent_statements_covered": 100.0, "percent_statements_covered_display": "100.00"}, "missing_lines": [], "excluded_lines": [], "start_line": 1}}}}, "totals": {"covered_lines": 5291, "num_statements": 9385, "percent_covered": 56.377197655833776, "percent_covered_display": "56.38", "missing_lines": 4094, "excluded_lines": 54, "percent_statements_covered": 56.377197655833776, "percent_statements_covered_display": "56.38"}}